===== CONFIGURATION =====
=== MODULE LOADS ===
=== ENVIRONMENT VARIABLES ===
OMP_NUM_THREADS=32
RAYON_NUM_THREADS=32
=== CPU ARCHITECTURE ===
Architecture:        x86_64
CPU op-mode(s):      32-bit, 64-bit
Byte Order:          Little Endian
CPU(s):              48
On-line CPU(s) list: 0-47
Thread(s) per core:  1
Core(s) per socket:  24
Socket(s):           2
NUMA node(s):        4
Vendor ID:           GenuineIntel
CPU family:          6
Model:               85
Model name:          Intel(R) Xeon(R) Platinum 8268 CPU @ 2.90GHz
Stepping:            7
CPU MHz:             3500.208
BogoMIPS:            5800.00
Virtualization:      VT-x
L1d cache:           32K
L1i cache:           32K
L2 cache:            1024K
L3 cache:            36608K
NUMA node0 CPU(s):   0,4,8,12,16,20,24,28,32,36,40,44
NUMA node1 CPU(s):   1,5,9,11,13,17,21,25,29,33,41,45
NUMA node2 CPU(s):   2,6,10,14,18,22,26,30,34,38,42,46
NUMA node3 CPU(s):   3,7,15,19,23,27,31,35,37,39,43,47
Flags:               fpu vme de pse tsc msr pae mce cx8 apic sep mtrr pge mca cmov pat pse36 clflush dts acpi mmx fxsr sse sse2 ss ht tm pbe syscall nx pdpe1gb rdtscp lm constant_tsc art arch_perfmon pebs bts rep_good nopl xtopology nonstop_tsc cpuid aperfmperf pni pclmulqdq dtes64 monitor ds_cpl vmx smx est tm2 ssse3 sdbg fma cx16 xtpr pdcm pcid dca sse4_1 sse4_2 x2apic movbe popcnt tsc_deadline_timer aes xsave avx f16c rdrand lahf_lm abm 3dnowprefetch cpuid_fault epb cat_l3 cdp_l3 invpcid_single intel_ppin ssbd mba ibrs ibpb stibp ibrs_enhanced fsgsbase tsc_adjust bmi1 hle avx2 smep bmi2 erms invpcid cqm mpx rdt_a avx512f avx512dq rdseed adx smap clflushopt clwb intel_pt avx512cd avx512bw avx512vl xsaveopt xsavec xgetbv1 xsaves cqm_llc cqm_occup_llc cqm_mbm_total cqm_mbm_local dtherm ida arat pln pts pku ospke avx512_vnni md_clear flush_l1d arch_capabilities
=== SLURM CONFIG ===
JobId=808584 JobName=cpp-hybrid6ir3w1jl.sbatch
   UserId=csuxvf(18094) GroupId=csuxvf(18094) MCS_label=N/A
   Priority=390786 Nice=0 Account=dcsug QOS=dcsug
   JobState=RUNNING Reason=None Dependency=(null)
   Requeue=1 Restarts=0 BatchFlag=1 Reboot=0 ExitCode=0:0
   RunTime=00:00:04 TimeLimit=00:10:00 TimeMin=N/A
   SubmitTime=2024-04-22T14:10:13 EligibleTime=2024-04-22T18:50:04
   AccrueTime=2024-04-22T18:50:04
   StartTime=2024-04-22T22:24:33 EndTime=2024-04-22T22:34:33 Deadline=N/A
   SuspendTime=None SecsPreSuspend=0 LastSchedEval=2024-04-22T22:24:33
   Partition=compute AllocNode:Sid=login01:2307115
   ReqNodeList=(null) ExcNodeList=(null)
   NodeList=node[003,006,040,052]
   BatchHost=node003
   NumNodes=4 NumCPUs=128 NumTasks=4 CPUs/Task=32 ReqB:S:C:T=0:0:*:*
   TRES=cpu=128,mem=160000M,node=4,billing=128
   Socks/Node=* NtasksPerN:B:S:C=1:0:*:* CoreSpec=*
   MinCPUsNode=32 MinMemoryNode=40000M MinTmpDiskNode=0
   Features=(null) DelayBoot=00:00:00
   OverSubscribe=MCS Contiguous=0 Licenses=(null) Network=(null)
   Command=/gpfs/home/dcs/csuxvf/Desktop/hpc-multibench/cpp-hybrid6ir3w1jl.sbatch
   WorkDir=/gpfs/home/dcs/csuxvf/Desktop/hpc-multibench
   StdErr=/gpfs/home/dcs/csuxvf/Desktop/hpc-multibench/results/hybrid/cpp-hybrid__808584.out
   StdIn=/dev/null
   StdOut=/gpfs/home/dcs/csuxvf/Desktop/hpc-multibench/results/hybrid/cpp-hybrid__808584.out
   Power=
   NtasksPerTRES:0

=== RUN INSTANTIATION ===
{args: 600 600 600, sbatch_config: {nodes: 4, ntasks-per-node: 1, cpus-per-task: 32}, environment_variables: {OMP_NUM_THREADS: 32, RAYON_NUM_THREADS: 32}}

===== BUILD =====
run configuration was pre-built

===== RUN =====
[node006:3230855:0:3230855] Caught signal 11 (Segmentation fault: invalid permissions for mapped object at address 0x1535ac021000)
[node006:3230855] *** Process received signal ***
[node006:3230855] Signal: Segmentation fault (11)
[node006:3230855] Signal code: Address not mapped (1)
[node006:3230855] Failing at address: 0xbff00000
[node006:3230855] [ 0] /lib64/libpthread.so.0(+0x12b20)[0x1535bc2b2b20]
[node006:3230855] [ 1] /scrtp/avon/eb/software/UCX/1.12.1-GCCcore-11.3.0/lib/ucx/libuct_ib.so.0(+0x5aeb8)[0x1535b9fdaeb8]
[node006:3230855] [ 2] /scrtp/avon/eb/software/UCX/1.12.1-GCCcore-11.3.0/lib/ucx/libuct_ib.so.0(+0x5be87)[0x1535b9fdbe87]
[node006:3230855] [ 3] /scrtp/avon/eb/software/UCX/1.12.1-GCCcore-11.3.0/lib/ucx/libuct_ib.so.0(+0x51acb)[0x1535b9fd1acb]
[node006:3230855] [ 4] /scrtp/avon/eb/software/UCX/1.12.1-GCCcore-11.3.0/lib/libucs.so.0(+0x17a4a)[0x1535ba1d2a4a]
[node006:3230855] [ 5] /scrtp/avon/eb/software/UCX/1.12.1-GCCcore-11.3.0/lib/libucs.so.0(ucs_async_dispatch_handlers+0x45)[0x1535ba1d2b65]
[node006:3230855] [ 6] /scrtp/avon/eb/software/UCX/1.12.1-GCCcore-11.3.0/lib/libucs.so.0(ucs_async_dispatch_timerq+0xd1)[0x1535ba1d2c81]
[node006:3230855] [ 7] /scrtp/avon/eb/software/UCX/1.12.1-GCCcore-11.3.0/lib/libucs.so.0(+0x1a704)[0x1535ba1d5704]
[node006:3230855] [ 8] /lib64/libpthread.so.0(+0x814a)[0x1535bc2a814a]
[node006:3230855] [ 9] /lib64/libc.so.6(clone+0x43)[0x1535bbfd7dc3]
[node006:3230855] *** End of error message ***
[node003:270836:0:270836] Caught signal 11 (Segmentation fault: invalid permissions for mapped object at address 0x1478d4021000)
[node052:1960223:0:1960223] Caught signal 11 (Segmentation fault: invalid permissions for mapped object at address 0x153614021000)
[node040:584802:0:584802] Caught signal 11 (Segmentation fault: invalid permissions for mapped object at address 0x1525a8021000)
==== backtrace (tid: 270836) ====
 0 0x0000000000012b20 __funlockfile()  :0
 1 0x0000000000406c8f generate_matrix()  /gpfs/home/dcs/csuxvf/Desktop/hpc-multibench/generated_results/hpccg-rs-avon-results/hpccg-rs/0_cpp_versions/3_hybrid/generate_matrix.cpp:133
 2 0x0000000000404759 main()  /gpfs/home/dcs/csuxvf/Desktop/hpc-multibench/generated_results/hpccg-rs-avon-results/hpccg-rs/0_cpp_versions/3_hybrid/main.cpp:152
 3 0x0000000000023493 __libc_start_main()  ???:0
 4 0x000000000040656e _start()  ???:0
=================================
[node003:270836] *** Process received signal ***
[node003:270836] Signal: Segmentation fault (11)
[node003:270836] Signal code:  (-6)
[node003:270836] Failing at address: 0x46ae000421f4
[node003:270836] [ 0] /lib64/libpthread.so.0(+0x12b20)[0x1478e62a4b20]
[node003:270836] [ 1] ./test_HPCCG[0x406c8f]
[node003:270836] [ 2] ./test_HPCCG[0x404759]
[node003:270836] [ 3] /lib64/libc.so.6(__libc_start_main+0xf3)[0x1478e5ef0493]
[node003:270836] [ 4] ./test_HPCCG[0x40656e]
[node003:270836] *** End of error message ***
[node052:1960223] *** Process received signal ***
[node052:1960223] Signal: Segmentation fault (11)
[node052:1960223] Signal code: Address not mapped (1)
[node052:1960223] Failing at address: 0xbff00000
[node052:1960223] [ 0] /lib64/libpthread.so.0(+0x12b20)[0x1536245f8b20]
[node052:1960223] [ 1] /scrtp/avon/eb/software/UCX/1.12.1-GCCcore-11.3.0/lib/ucx/libuct_ib.so.0(+0x5aeb8)[0x153622320eb8]
[node052:1960223] [ 2] /scrtp/avon/eb/software/UCX/1.12.1-GCCcore-11.3.0/lib/ucx/libuct_ib.so.0(+0x5be87)[0x153622321e87]
[node052:1960223] [ 3] /scrtp/avon/eb/software/UCX/1.12.1-GCCcore-11.3.0/lib/ucx/libuct_ib.so.0(+0x51acb)[0x153622317acb]
[node052:1960223] [ 4] /scrtp/avon/eb/software/UCX/1.12.1-GCCcore-11.3.0/lib/libucs.so.0(+0x17a4a)[0x153622518a4a]
[node052:1960223] [ 5] /scrtp/avon/eb/software/UCX/1.12.1-GCCcore-11.3.0/lib/libucs.so.0(ucs_async_dispatch_handlers+0x45)[0x153622518b65]
[node052:1960223] [ 6] /scrtp/avon/eb/software/UCX/1.12.1-GCCcore-11.3.0/lib/libucs.so.0(ucs_async_dispatch_timerq+0xd1)[0x153622518c81]
[node052:1960223] [ 7] /scrtp/avon/eb/software/UCX/1.12.1-GCCcore-11.3.0/lib/libucs.so.0(+0x1a704)[0x15362251b704]
[node052:1960223] [ 8] /lib64/libpthread.so.0(+0x814a)[0x1536245ee14a]
[node052:1960223] [ 9] /lib64/libc.so.6(clone+0x43)[0x15362431ddc3]
[node052:1960223] *** End of error message ***
==== backtrace (tid: 584802) ====
 0 0x0000000000012b20 __funlockfile()  :0
 1 0x0000000000406c8f generate_matrix()  /gpfs/home/dcs/csuxvf/Desktop/hpc-multibench/generated_results/hpccg-rs-avon-results/hpccg-rs/0_cpp_versions/3_hybrid/generate_matrix.cpp:133
 2 0x0000000000404759 main()  /gpfs/home/dcs/csuxvf/Desktop/hpc-multibench/generated_results/hpccg-rs-avon-results/hpccg-rs/0_cpp_versions/3_hybrid/main.cpp:152
 3 0x0000000000023493 __libc_start_main()  ???:0
 4 0x000000000040656e _start()  ???:0
=================================
[node040:584802] *** Process received signal ***
[node040:584802] Signal: Segmentation fault (11)
[node040:584802] Signal code:  (-6)
[node040:584802] Failing at address: 0x46ae0008ec62
[node040:584802] [ 0] /lib64/libpthread.so.0(+0x12b20)[0x1525b8137b20]
[node040:584802] [ 1] ./test_HPCCG[0x406c8f]
[node040:584802] [ 2] ./test_HPCCG[0x404759]
[node040:584802] [ 3] /lib64/libc.so.6(__libc_start_main+0xf3)[0x1525b7d83493]
[node040:584802] [ 4] ./test_HPCCG[0x40656e]
[node040:584802] *** End of error message ***
--------------------------------------------------------------------------
Primary job  terminated normally, but 1 process returned
a non-zero exit code. Per user-direction, the job has been aborted.
--------------------------------------------------------------------------
--------------------------------------------------------------------------
mpirun noticed that process rank 1 with PID 3230855 on node node006 exited on signal 11 (Segmentation fault).
--------------------------------------------------------------------------
3 total processes killed (some possibly by mpirun during cleanup)
real 23.41
user 5.58
sys 5.22
