===== CONFIGURATION =====
=== MODULE LOADS ===
=== ENVIRONMENT VARIABLES ===
OMP_NUM_THREADS=32
RAYON_NUM_THREADS=32
=== CPU ARCHITECTURE ===
Architecture:        x86_64
CPU op-mode(s):      32-bit, 64-bit
Byte Order:          Little Endian
CPU(s):              48
On-line CPU(s) list: 0-47
Thread(s) per core:  1
Core(s) per socket:  24
Socket(s):           2
NUMA node(s):        4
Vendor ID:           GenuineIntel
CPU family:          6
Model:               85
Model name:          Intel(R) Xeon(R) Platinum 8268 CPU @ 2.90GHz
Stepping:            7
CPU MHz:             3500.018
BogoMIPS:            5800.00
Virtualization:      VT-x
L1d cache:           32K
L1i cache:           32K
L2 cache:            1024K
L3 cache:            36608K
NUMA node0 CPU(s):   0,4,8,12,16,20,24,28,32,36,40,44
NUMA node1 CPU(s):   1,5,9,11,13,17,21,25,29,33,41,45
NUMA node2 CPU(s):   2,6,10,14,18,22,26,30,34,38,42,46
NUMA node3 CPU(s):   3,7,15,19,23,27,31,35,37,39,43,47
Flags:               fpu vme de pse tsc msr pae mce cx8 apic sep mtrr pge mca cmov pat pse36 clflush dts acpi mmx fxsr sse sse2 ss ht tm pbe syscall nx pdpe1gb rdtscp lm constant_tsc art arch_perfmon pebs bts rep_good nopl xtopology nonstop_tsc cpuid aperfmperf pni pclmulqdq dtes64 monitor ds_cpl vmx smx est tm2 ssse3 sdbg fma cx16 xtpr pdcm pcid dca sse4_1 sse4_2 x2apic movbe popcnt tsc_deadline_timer aes xsave avx f16c rdrand lahf_lm abm 3dnowprefetch cpuid_fault epb cat_l3 cdp_l3 invpcid_single intel_ppin ssbd mba ibrs ibpb stibp ibrs_enhanced fsgsbase tsc_adjust bmi1 hle avx2 smep bmi2 erms invpcid cqm mpx rdt_a avx512f avx512dq rdseed adx smap clflushopt clwb intel_pt avx512cd avx512bw avx512vl xsaveopt xsavec xgetbv1 xsaves cqm_llc cqm_occup_llc cqm_mbm_total cqm_mbm_local dtherm ida arat pln pts pku ospke avx512_vnni md_clear flush_l1d arch_capabilities
=== SLURM CONFIG ===
JobId=808571 JobName=cpp-hybrid_xd7midv.sbatch
   UserId=csuxvf(18094) GroupId=csuxvf(18094) MCS_label=N/A
   Priority=390777 Nice=0 Account=dcsug QOS=dcsug
   JobState=RUNNING Reason=None Dependency=(null)
   Requeue=1 Restarts=0 BatchFlag=1 Reboot=0 ExitCode=0:0
   RunTime=00:00:03 TimeLimit=00:10:00 TimeMin=N/A
   SubmitTime=2024-04-22T14:10:13 EligibleTime=2024-04-22T18:50:04
   AccrueTime=2024-04-22T18:50:04
   StartTime=2024-04-22T20:54:29 EndTime=2024-04-22T21:04:29 Deadline=N/A
   SuspendTime=None SecsPreSuspend=0 LastSchedEval=2024-04-22T20:54:29
   Partition=compute AllocNode:Sid=login01:2307115
   ReqNodeList=(null) ExcNodeList=(null)
   NodeList=node[003,124,160,171]
   BatchHost=node003
   NumNodes=4 NumCPUs=128 NumTasks=4 CPUs/Task=32 ReqB:S:C:T=0:0:*:*
   TRES=cpu=128,mem=160000M,node=4,billing=128
   Socks/Node=* NtasksPerN:B:S:C=1:0:*:* CoreSpec=*
   MinCPUsNode=32 MinMemoryNode=40000M MinTmpDiskNode=0
   Features=(null) DelayBoot=00:00:00
   OverSubscribe=MCS Contiguous=0 Licenses=(null) Network=(null)
   Command=/gpfs/home/dcs/csuxvf/Desktop/hpc-multibench/cpp-hybrid_xd7midv.sbatch
   WorkDir=/gpfs/home/dcs/csuxvf/Desktop/hpc-multibench
   StdErr=/gpfs/home/dcs/csuxvf/Desktop/hpc-multibench/results/hybrid/cpp-hybrid__808571.out
   StdIn=/dev/null
   StdOut=/gpfs/home/dcs/csuxvf/Desktop/hpc-multibench/results/hybrid/cpp-hybrid__808571.out
   Power=
   NtasksPerTRES:0

=== RUN INSTANTIATION ===
{args: 200 200 200, sbatch_config: {nodes: 4, ntasks-per-node: 1, cpus-per-task: 32}, environment_variables: {OMP_NUM_THREADS: 32, RAYON_NUM_THREADS: 32}}

===== BUILD =====
run configuration was pre-built

===== RUN =====
Initial Residual = 10176.1
Iteration = 15   Residual = 137.428
Iteration = 30   Residual = 0.933241
Iteration = 45   Residual = 0.00636101
Iteration = 60   Residual = 4.31391e-05
Iteration = 75   Residual = 2.89457e-07
Iteration = 90   Residual = 1.8828e-09
Iteration = 105   Residual = 1.07756e-11
Iteration = 120   Residual = 5.89602e-14
Iteration = 135   Residual = 4.07886e-16
Iteration = 149   Residual = 3.77628e-18
Mini-Application Name: hpccg
Mini-Application Version: 1.0
Parallelism: 
  Number of MPI ranks: 4
  Number of OpenMP threads: 32
Dimensions: 
  nx: 200
  ny: 200
  nz: 200
Number of iterations: 149
Final residual: 3.77628e-18
#********** Performance Summary (times in sec) ***********: 
Time Summary: 
  Total   : 42.3169
  DDOT    : 3.52031
  WAXPBY  : 4.27
  SPARSEMV: 34.4878
FLOPS Summary: 
  Total   : 3.05152e+11
  DDOT    : 1.9072e+10
  WAXPBY  : 2.8608e+10
  SPARSEMV: 2.57472e+11
MFLOPS Summary: 
  Total   : 7211.12
  DDOT    : 5417.71
  WAXPBY  : 6699.76
  SPARSEMV: 7465.59
DDOT Timing Variations: 
  Min DDOT MPI_Allreduce time: 0.0391531
  Max DDOT MPI_Allreduce time: 0.303635
  Avg DDOT MPI_Allreduce time: 0.184479
SPARSEMV OVERHEADS: 
  SPARSEMV MFLOPS W OVERHEAD: 7256.89
  SPARSEMV PARALLEL OVERHEAD Time: 0.991821
  SPARSEMV PARALLEL OVERHEAD Pct: 2.79546
  SPARSEMV PARALLEL OVERHEAD Setup Time: 0.954584
  SPARSEMV PARALLEL OVERHEAD Setup Pct: 2.69051
  SPARSEMV PARALLEL OVERHEAD Bdry Exch Time: 0.0372363
  SPARSEMV PARALLEL OVERHEAD Bdry Exch Pct: 0.104951
real 46.21
user 43.44
sys 0.92
