===== CONFIGURATION =====
=== MODULE LOADS ===
=== ENVIRONMENT VARIABLES ===
OMP_NUM_THREADS=32
RAYON_NUM_THREADS=32
=== CPU ARCHITECTURE ===
Architecture:        x86_64
CPU op-mode(s):      32-bit, 64-bit
Byte Order:          Little Endian
CPU(s):              48
On-line CPU(s) list: 0-47
Thread(s) per core:  1
Core(s) per socket:  24
Socket(s):           2
NUMA node(s):        4
Vendor ID:           GenuineIntel
CPU family:          6
Model:               85
Model name:          Intel(R) Xeon(R) Platinum 8268 CPU @ 2.90GHz
Stepping:            7
CPU MHz:             3500.168
BogoMIPS:            5800.00
Virtualization:      VT-x
L1d cache:           32K
L1i cache:           32K
L2 cache:            1024K
L3 cache:            36608K
NUMA node0 CPU(s):   0,4,8,12,16,20,24,28,32,36,40,44
NUMA node1 CPU(s):   1,5,9,11,13,17,21,25,29,33,41,45
NUMA node2 CPU(s):   2,6,10,14,18,22,26,30,34,38,42,46
NUMA node3 CPU(s):   3,7,15,19,23,27,31,35,37,39,43,47
Flags:               fpu vme de pse tsc msr pae mce cx8 apic sep mtrr pge mca cmov pat pse36 clflush dts acpi mmx fxsr sse sse2 ss ht tm pbe syscall nx pdpe1gb rdtscp lm constant_tsc art arch_perfmon pebs bts rep_good nopl xtopology nonstop_tsc cpuid aperfmperf pni pclmulqdq dtes64 monitor ds_cpl vmx smx est tm2 ssse3 sdbg fma cx16 xtpr pdcm pcid dca sse4_1 sse4_2 x2apic movbe popcnt tsc_deadline_timer aes xsave avx f16c rdrand lahf_lm abm 3dnowprefetch cpuid_fault epb cat_l3 cdp_l3 invpcid_single intel_ppin ssbd mba ibrs ibpb stibp ibrs_enhanced fsgsbase tsc_adjust bmi1 hle avx2 smep bmi2 erms invpcid cqm mpx rdt_a avx512f avx512dq rdseed adx smap clflushopt clwb intel_pt avx512cd avx512bw avx512vl xsaveopt xsavec xgetbv1 xsaves cqm_llc cqm_occup_llc cqm_mbm_total cqm_mbm_local dtherm ida arat pln pts pku ospke avx512_vnni md_clear flush_l1d arch_capabilities
=== SLURM CONFIG ===
JobId=808580 JobName=cpp-hybriddqynhm_1.sbatch
   UserId=csuxvf(18094) GroupId=csuxvf(18094) MCS_label=N/A
   Priority=390784 Nice=0 Account=dcsug QOS=dcsug
   JobState=RUNNING Reason=None Dependency=(null)
   Requeue=1 Restarts=0 BatchFlag=1 Reboot=0 ExitCode=0:0
   RunTime=00:00:06 TimeLimit=00:10:00 TimeMin=N/A
   SubmitTime=2024-04-22T14:10:13 EligibleTime=2024-04-22T18:50:04
   AccrueTime=2024-04-22T18:50:04
   StartTime=2024-04-22T22:04:32 EndTime=2024-04-22T22:14:32 Deadline=N/A
   SuspendTime=None SecsPreSuspend=0 LastSchedEval=2024-04-22T22:04:32
   Partition=compute AllocNode:Sid=login01:2307115
   ReqNodeList=(null) ExcNodeList=(null)
   NodeList=node[003,006,052,054]
   BatchHost=node003
   NumNodes=4 NumCPUs=128 NumTasks=4 CPUs/Task=32 ReqB:S:C:T=0:0:*:*
   TRES=cpu=128,mem=160000M,node=4,billing=128
   Socks/Node=* NtasksPerN:B:S:C=1:0:*:* CoreSpec=*
   MinCPUsNode=32 MinMemoryNode=40000M MinTmpDiskNode=0
   Features=(null) DelayBoot=00:00:00
   OverSubscribe=MCS Contiguous=0 Licenses=(null) Network=(null)
   Command=/gpfs/home/dcs/csuxvf/Desktop/hpc-multibench/cpp-hybriddqynhm_1.sbatch
   WorkDir=/gpfs/home/dcs/csuxvf/Desktop/hpc-multibench
   StdErr=/gpfs/home/dcs/csuxvf/Desktop/hpc-multibench/results/hybrid/cpp-hybrid__808580.out
   StdIn=/dev/null
   StdOut=/gpfs/home/dcs/csuxvf/Desktop/hpc-multibench/results/hybrid/cpp-hybrid__808580.out
   Power=
   NtasksPerTRES:0

=== RUN INSTANTIATION ===
{args: 600 600 600, sbatch_config: {nodes: 4, ntasks-per-node: 1, cpus-per-task: 32}, environment_variables: {OMP_NUM_THREADS: 32, RAYON_NUM_THREADS: 32}}

===== BUILD =====
run configuration was pre-built

===== RUN =====
[node054:1280707:0:1280707] Caught signal 11 (Segmentation fault: invalid permissions for mapped object at address 0x14c4b4021000)
[node003:268858:a:268861] Caught signal 11 (Segmentation fault: address not mapped to object at address 0xbff00000)
[node054:1280707] *** Process received signal ***
[node054:1280707] Signal: Segmentation fault (11)
[node054:1280707] Signal code: Address not mapped (1)
[node054:1280707] Failing at address: 0xbff00000
[node054:1280707] [ 0] /lib64/libpthread.so.0(+0x12b20)[0x14c4c6c4cb20]
[node054:1280707] [ 1] /scrtp/avon/eb/software/UCX/1.12.1-GCCcore-11.3.0/lib/ucx/libuct_ib.so.0(+0x5aeb8)[0x14c4c4974eb8]
[node054:1280707] [ 2] /scrtp/avon/eb/software/UCX/1.12.1-GCCcore-11.3.0/lib/ucx/libuct_ib.so.0(+0x5be87)[0x14c4c4975e87]
[node054:1280707] [ 3] /scrtp/avon/eb/software/UCX/1.12.1-GCCcore-11.3.0/lib/ucx/libuct_ib.so.0(+0x51acb)[0x14c4c496bacb]
[node054:1280707] [ 4] /scrtp/avon/eb/software/UCX/1.12.1-GCCcore-11.3.0/lib/libucs.so.0(+0x17a4a)[0x14c4c4b6ca4a]
[node054:1280707] [ 5] /scrtp/avon/eb/software/UCX/1.12.1-GCCcore-11.3.0/lib/libucs.so.0(ucs_async_dispatch_handlers+0x45)[0x14c4c4b6cb65]
[node054:1280707] [ 6] /scrtp/avon/eb/software/UCX/1.12.1-GCCcore-11.3.0/lib/libucs.so.0(ucs_async_dispatch_timerq+0xd1)[0x14c4c4b6cc81]
[node054:1280707] [ 7] /scrtp/avon/eb/software/UCX/1.12.1-GCCcore-11.3.0/lib/libucs.so.0(+0x1a704)[0x14c4c4b6f704]
[node054:1280707] [ 8] /lib64/libpthread.so.0(+0x814a)[0x14c4c6c4214a]
[node054:1280707] [ 9] /lib64/libc.so.6(clone+0x43)[0x14c4c6971dc3]
[node054:1280707] *** End of error message ***
[node006:3229176:a:3229180] Caught signal 11 (Segmentation fault: address not mapped to object at address 0xbff00000)
[node052:1958545:0:1958545] Caught signal 11 (Segmentation fault: invalid permissions for mapped object at address 0x146624021000)
==== backtrace (tid: 268861) ====
 0 0x0000000000012b20 __funlockfile()  :0
 1 0x000000000005aeb8 uct_ud_mlx5_iface_post_recv()  /gpfs/home/csc/pfsrqd/easybuild/build/UCX/1.12.1/GCCcore-11.3.0/ucx-1.12.1/src/uct/ib/ud/accel/ud_mlx5.c:183
 2 0x000000000005aeb8 uct_ud_mlx5_iface_post_recv()  /gpfs/home/csc/pfsrqd/easybuild/build/UCX/1.12.1/GCCcore-11.3.0/ucx-1.12.1/src/uct/ib/ud/accel/ud_mlx5.c:186
 3 0x000000000005be87 uct_ud_mlx5_iface_poll_rx()  /gpfs/home/csc/pfsrqd/easybuild/build/UCX/1.12.1/GCCcore-11.3.0/ucx-1.12.1/src/uct/ib/ud/accel/ud_mlx5.c:521
 4 0x000000000005be87 uct_ib_mlx5_poll_cq()  /gpfs/home/csc/pfsrqd/easybuild/build/UCX/1.12.1/GCCcore-11.3.0/ucx-1.12.1/src/uct/ib/mlx5/ib_mlx5.inl:83
 5 0x000000000005be87 uct_ud_mlx5_iface_poll_tx()  /gpfs/home/csc/pfsrqd/easybuild/build/UCX/1.12.1/GCCcore-11.3.0/ucx-1.12.1/src/uct/ib/ud/accel/ud_mlx5.c:532
 6 0x000000000005be87 uct_ud_mlx5_iface_async_progress()  /gpfs/home/csc/pfsrqd/easybuild/build/UCX/1.12.1/GCCcore-11.3.0/ucx-1.12.1/src/uct/ib/ud/accel/ud_mlx5.c:584
 7 0x0000000000051acb uct_ud_iface_async_progress()  /gpfs/home/csc/pfsrqd/easybuild/build/UCX/1.12.1/GCCcore-11.3.0/ucx-1.12.1/src/uct/ib/ud/base/ud_iface.c:254
 8 0x0000000000051acb uct_ud_iface_timer()  /gpfs/home/csc/pfsrqd/easybuild/build/UCX/1.12.1/GCCcore-11.3.0/ucx-1.12.1/src/uct/ib/ud/base/ud_iface.c:284
 9 0x0000000000017a4a ucs_async_handler_invoke()  /gpfs/home/csc/pfsrqd/easybuild/build/UCX/1.12.1/GCCcore-11.3.0/ucx-1.12.1/src/ucs/async/async.c:251
10 0x0000000000017a4a ucs_async_handler_dispatch()  /gpfs/home/csc/pfsrqd/easybuild/build/UCX/1.12.1/GCCcore-11.3.0/ucx-1.12.1/src/ucs/async/async.c:273
11 0x0000000000017b65 ucs_async_dispatch_handlers()  /gpfs/home/csc/pfsrqd/easybuild/build/UCX/1.12.1/GCCcore-11.3.0/ucx-1.12.1/src/ucs/async/async.c:305
12 0x0000000000017c81 ucs_async_dispatch_timerq()  /gpfs/home/csc/pfsrqd/easybuild/build/UCX/1.12.1/GCCcore-11.3.0/ucx-1.12.1/src/ucs/async/async.c:332
13 0x000000000001a704 ucs_async_thread_func()  /gpfs/home/csc/pfsrqd/easybuild/build/UCX/1.12.1/GCCcore-11.3.0/ucx-1.12.1/src/ucs/async/thread.c:141
14 0x000000000000814a start_thread()  pthread_create.c:0
15 0x00000000000fcdc3 __GI___clone()  :0
=================================
[node003:268858] *** Process received signal ***
[node003:268858] Signal: Segmentation fault (11)
[node003:268858] Signal code:  (-6)
[node003:268858] Failing at address: 0x46ae00041a3a
[node003:268858] [ 0] /lib64/libpthread.so.0(+0x12b20)[0x1511c6d05b20]
[node003:268858] [ 1] /scrtp/avon/eb/software/UCX/1.12.1-GCCcore-11.3.0/lib/ucx/libuct_ib.so.0(+0x5aeb8)[0x1511c4a2deb8]
[node003:268858] [ 2] /scrtp/avon/eb/software/UCX/1.12.1-GCCcore-11.3.0/lib/ucx/libuct_ib.so.0(+0x5be87)[0x1511c4a2ee87]
[node003:268858] [ 3] /scrtp/avon/eb/software/UCX/1.12.1-GCCcore-11.3.0/lib/ucx/libuct_ib.so.0(+0x51acb)[0x1511c4a24acb]
[node003:268858] [ 4] /scrtp/avon/eb/software/UCX/1.12.1-GCCcore-11.3.0/lib/libucs.so.0(+0x17a4a)[0x1511c4c25a4a]
[node003:268858] [ 5] /scrtp/avon/eb/software/UCX/1.12.1-GCCcore-11.3.0/lib/libucs.so.0(ucs_async_dispatch_handlers+0x45)[0x1511c4c25b65]
[node003:268858] [ 6] /scrtp/avon/eb/software/UCX/1.12.1-GCCcore-11.3.0/lib/libucs.so.0(ucs_async_dispatch_timerq+0xd1)[0x1511c4c25c81]
[node003:268858] [ 7] /scrtp/avon/eb/software/UCX/1.12.1-GCCcore-11.3.0/lib/libucs.so.0(+0x1a704)[0x1511c4c28704]
[node003:268858] [ 8] /lib64/libpthread.so.0(+0x814a)[0x1511c6cfb14a]
[node003:268858] [ 9] /lib64/libc.so.6(clone+0x43)[0x1511c6a2adc3]
[node003:268858] *** End of error message ***
==== backtrace (tid:3229180) ====
 0 0x0000000000012b20 __funlockfile()  :0
 1 0x000000000005aeb8 uct_ud_mlx5_iface_post_recv()  /gpfs/home/csc/pfsrqd/easybuild/build/UCX/1.12.1/GCCcore-11.3.0/ucx-1.12.1/src/uct/ib/ud/accel/ud_mlx5.c:183
 2 0x000000000005aeb8 uct_ud_mlx5_iface_post_recv()  /gpfs/home/csc/pfsrqd/easybuild/build/UCX/1.12.1/GCCcore-11.3.0/ucx-1.12.1/src/uct/ib/ud/accel/ud_mlx5.c:186
 3 0x000000000005be87 uct_ud_mlx5_iface_poll_rx()  /gpfs/home/csc/pfsrqd/easybuild/build/UCX/1.12.1/GCCcore-11.3.0/ucx-1.12.1/src/uct/ib/ud/accel/ud_mlx5.c:521
 4 0x000000000005be87 uct_ib_mlx5_poll_cq()  /gpfs/home/csc/pfsrqd/easybuild/build/UCX/1.12.1/GCCcore-11.3.0/ucx-1.12.1/src/uct/ib/mlx5/ib_mlx5.inl:83
 5 0x000000000005be87 uct_ud_mlx5_iface_poll_tx()  /gpfs/home/csc/pfsrqd/easybuild/build/UCX/1.12.1/GCCcore-11.3.0/ucx-1.12.1/src/uct/ib/ud/accel/ud_mlx5.c:532
 6 0x000000000005be87 uct_ud_mlx5_iface_async_progress()  /gpfs/home/csc/pfsrqd/easybuild/build/UCX/1.12.1/GCCcore-11.3.0/ucx-1.12.1/src/uct/ib/ud/accel/ud_mlx5.c:584
 7 0x0000000000051acb uct_ud_iface_async_progress()  /gpfs/home/csc/pfsrqd/easybuild/build/UCX/1.12.1/GCCcore-11.3.0/ucx-1.12.1/src/uct/ib/ud/base/ud_iface.c:254
 8 0x0000000000051acb uct_ud_iface_timer()  /gpfs/home/csc/pfsrqd/easybuild/build/UCX/1.12.1/GCCcore-11.3.0/ucx-1.12.1/src/uct/ib/ud/base/ud_iface.c:284
 9 0x0000000000017a4a ucs_async_handler_invoke()  /gpfs/home/csc/pfsrqd/easybuild/build/UCX/1.12.1/GCCcore-11.3.0/ucx-1.12.1/src/ucs/async/async.c:251
10 0x0000000000017a4a ucs_async_handler_dispatch()  /gpfs/home/csc/pfsrqd/easybuild/build/UCX/1.12.1/GCCcore-11.3.0/ucx-1.12.1/src/ucs/async/async.c:273
11 0x0000000000017b65 ucs_async_dispatch_handlers()  /gpfs/home/csc/pfsrqd/easybuild/build/UCX/1.12.1/GCCcore-11.3.0/ucx-1.12.1/src/ucs/async/async.c:305
12 0x0000000000017c81 ucs_async_dispatch_timerq()  /gpfs/home/csc/pfsrqd/easybuild/build/UCX/1.12.1/GCCcore-11.3.0/ucx-1.12.1/src/ucs/async/async.c:332
13 0x000000000001a704 ucs_async_thread_func()  /gpfs/home/csc/pfsrqd/easybuild/build/UCX/1.12.1/GCCcore-11.3.0/ucx-1.12.1/src/ucs/async/thread.c:141
14 0x000000000000814a start_thread()  pthread_create.c:0
15 0x00000000000fcdc3 __GI___clone()  :0
=================================
[node006:3229176] *** Process received signal ***
[node006:3229176] Signal: Segmentation fault (11)
[node006:3229176] Signal code:  (-6)
[node006:3229176] Failing at address: 0x46ae003145f8
[node006:3229176] [ 0] /lib64/libpthread.so.0(+0x12b20)[0x149687fc9b20]
[node006:3229176] [ 1] /scrtp/avon/eb/software/UCX/1.12.1-GCCcore-11.3.0/lib/ucx/libuct_ib.so.0(+0x5aeb8)[0x149685cf1eb8]
[node006:3229176] [ 2] /scrtp/avon/eb/software/UCX/1.12.1-GCCcore-11.3.0/lib/ucx/libuct_ib.so.0(+0x5be87)[0x149685cf2e87]
[node006:3229176] [ 3] /scrtp/avon/eb/software/UCX/1.12.1-GCCcore-11.3.0/lib/ucx/libuct_ib.so.0(+0x51acb)[0x149685ce8acb]
[node006:3229176] [ 4] /scrtp/avon/eb/software/UCX/1.12.1-GCCcore-11.3.0/lib/libucs.so.0(+0x17a4a)[0x149685ee9a4a]
[node006:3229176] [ 5] /scrtp/avon/eb/software/UCX/1.12.1-GCCcore-11.3.0/lib/libucs.so.0(ucs_async_dispatch_handlers+0x45)[0x149685ee9b65]
[node006:3229176] [ 6] /scrtp/avon/eb/software/UCX/1.12.1-GCCcore-11.3.0/lib/libucs.so.0(ucs_async_dispatch_timerq+0xd1)[0x149685ee9c81]
[node006:3229176] [ 7] /scrtp/avon/eb/software/UCX/1.12.1-GCCcore-11.3.0/lib/libucs.so.0(+0x1a704)[0x149685eec704]
[node006:3229176] [ 8] /lib64/libpthread.so.0(+0x814a)[0x149687fbf14a]
[node006:3229176] [ 9] /lib64/libc.so.6(clone+0x43)[0x149687ceedc3]
[node006:3229176] *** End of error message ***
==== backtrace (tid:1958545) ====
 0 0x0000000000012b20 __funlockfile()  :0
 1 0x0000000000406af0 generate_matrix()  /gpfs/home/dcs/csuxvf/Desktop/hpc-multibench/generated_results/hpccg-rs-avon-results/hpccg-rs/0_cpp_versions/3_hybrid/generate_matrix.cpp:132
 2 0x0000000000404759 main()  /gpfs/home/dcs/csuxvf/Desktop/hpc-multibench/generated_results/hpccg-rs-avon-results/hpccg-rs/0_cpp_versions/3_hybrid/main.cpp:152
 3 0x0000000000023493 __libc_start_main()  ???:0
 4 0x000000000040656e _start()  ???:0
=================================
[node052:1958545] *** Process received signal ***
[node052:1958545] Signal: Segmentation fault (11)
[node052:1958545] Signal code:  (-6)
[node052:1958545] Failing at address: 0x46ae001de291
[node052:1958545] [ 0] /lib64/libpthread.so.0(+0x12b20)[0x1466394b1b20]
[node052:1958545] [ 1] ./test_HPCCG[0x406af0]
[node052:1958545] [ 2] ./test_HPCCG[0x404759]
[node052:1958545] [ 3] /lib64/libc.so.6(__libc_start_main+0xf3)[0x1466390fd493]
[node052:1958545] [ 4] ./test_HPCCG[0x40656e]
[node052:1958545] *** End of error message ***
--------------------------------------------------------------------------
Primary job  terminated normally, but 1 process returned
a non-zero exit code. Per user-direction, the job has been aborted.
--------------------------------------------------------------------------
--------------------------------------------------------------------------
mpirun noticed that process rank 3 with PID 1280707 on node node054 exited on signal 11 (Segmentation fault).
--------------------------------------------------------------------------
3 total processes killed (some possibly by mpirun during cleanup)
real 19.36
user 6.06
sys 4.72
