===== CONFIGURATION =====
=== MODULE LOADS ===
=== CPU ARCHITECTURE ===
Architecture:        x86_64
CPU op-mode(s):      32-bit, 64-bit
Byte Order:          Little Endian
CPU(s):              48
On-line CPU(s) list: 0-47
Thread(s) per core:  1
Core(s) per socket:  24
Socket(s):           2
NUMA node(s):        4
Vendor ID:           GenuineIntel
CPU family:          6
Model:               85
Model name:          Intel(R) Xeon(R) Platinum 8268 CPU @ 2.90GHz
Stepping:            7
CPU MHz:             2575.103
BogoMIPS:            5800.00
Virtualization:      VT-x
L1d cache:           32K
L1i cache:           32K
L2 cache:            1024K
L3 cache:            36608K
NUMA node0 CPU(s):   0,4,8,12,16,20,24,28,32,36,40,44
NUMA node1 CPU(s):   1,5,9,13,17,21,25,29,33,37,41,45
NUMA node2 CPU(s):   2,6,10,14,18,22,26,30,34,38,42,46
NUMA node3 CPU(s):   3,7,11,15,19,23,27,31,35,39,43,47
Flags:               fpu vme de pse tsc msr pae mce cx8 apic sep mtrr pge mca cmov pat pse36 clflush dts acpi mmx fxsr sse sse2 ss ht tm pbe syscall nx pdpe1gb rdtscp lm constant_tsc art arch_perfmon pebs bts rep_good nopl xtopology nonstop_tsc cpuid aperfmperf pni pclmulqdq dtes64 monitor ds_cpl vmx smx est tm2 ssse3 sdbg fma cx16 xtpr pdcm pcid dca sse4_1 sse4_2 x2apic movbe popcnt tsc_deadline_timer aes xsave avx f16c rdrand lahf_lm abm 3dnowprefetch cpuid_fault epb cat_l3 cdp_l3 invpcid_single intel_ppin ssbd mba ibrs ibpb stibp ibrs_enhanced fsgsbase tsc_adjust bmi1 hle avx2 smep bmi2 erms invpcid cqm mpx rdt_a avx512f avx512dq rdseed adx smap clflushopt clwb intel_pt avx512cd avx512bw avx512vl xsaveopt xsavec xgetbv1 xsaves cqm_llc cqm_occup_llc cqm_mbm_total cqm_mbm_local dtherm ida arat pln pts pku ospke avx512_vnni md_clear flush_l1d arch_capabilities
=== SLURM CONFIG ===
JobId=808315 JobName=rust-referenceuhoexzud.sbatch
   UserId=csuxvf(18094) GroupId=csuxvf(18094) MCS_label=N/A
   Priority=389839 Nice=0 Account=dcsug QOS=dcsug
   JobState=RUNNING Reason=None Dependency=(null)
   Requeue=1 Restarts=0 BatchFlag=1 Reboot=0 ExitCode=0:0
   RunTime=00:00:10 TimeLimit=00:10:00 TimeMin=N/A
   SubmitTime=2024-04-22T14:09:58 EligibleTime=2024-04-22T14:14:09
   AccrueTime=2024-04-22T14:14:09
   StartTime=2024-04-22T15:43:46 EndTime=2024-04-22T15:53:46 Deadline=N/A
   SuspendTime=None SecsPreSuspend=0 LastSchedEval=2024-04-22T15:43:46
   Partition=compute AllocNode:Sid=login01:2307115
   ReqNodeList=(null) ExcNodeList=(null)
   NodeList=node015
   BatchHost=node015
   NumNodes=1 NumCPUs=1 NumTasks=1 CPUs/Task=1 ReqB:S:C:T=0:0:*:*
   TRES=cpu=1,mem=40000M,node=1,billing=1
   Socks/Node=* NtasksPerN:B:S:C=1:0:*:* CoreSpec=*
   MinCPUsNode=1 MinMemoryNode=40000M MinTmpDiskNode=0
   Features=(null) DelayBoot=00:00:00
   OverSubscribe=MCS Contiguous=0 Licenses=(null) Network=(null)
   Command=/gpfs/home/dcs/csuxvf/Desktop/hpc-multibench/rust-referenceuhoexzud.sbatch
   WorkDir=/gpfs/home/dcs/csuxvf/Desktop/hpc-multibench
   StdErr=/gpfs/home/dcs/csuxvf/Desktop/hpc-multibench/results/serial/rust-reference__808315.out
   StdIn=/dev/null
   StdOut=/gpfs/home/dcs/csuxvf/Desktop/hpc-multibench/results/serial/rust-reference__808315.out
   Power=
   NtasksPerTRES:0

=== RUN INSTANTIATION ===
{args: 250 250 250}

===== BUILD =====
run configuration was pre-built

===== RUN =====
Initial Residual = +7.27464e3
Iteration = 15 , Residual = +9.88247e1
Iteration = 30 , Residual = +6.72155e-1
Iteration = 45 , Residual = +4.59466e-3
Iteration = 60 , Residual = +3.13387e-5
Iteration = 75 , Residual = +2.12973e-7
Iteration = 90 , Residual = +1.43740e-9
Iteration = 105 , Residual = +9.54444e-12
Iteration = 120 , Residual = +5.96054e-14
Iteration = 135 , Residual = +2.42278e-16
Iteration = 149 , Residual = +2.15116e-18
Mini-Application Name: hpccg-iterators
Mini-Application Version: 1.0
Parallelism:
  MPI not enabled:
  OpenMP not enabled:
Dimensions:
  nx: 250
  ny: 250
  nz: 250
Number of iterations: 149
Final residual: 2.15116e-18
#********** Performance Summary (times in sec) ***********
Time Summary:
  Total: 118.1824
  DDOT: 6.0812
  WAXPBY: 19.6212
  SPARSEMV: 92.4362
FLOPS Summary:
  Total: 149000000000
  DDOT: 9312500000
  WAXPBY: 13968750000
  SPARSEMV: 125718750000
MFLOPS Summary:
  Total: 1260.7630
  DDOT: 1531.3491
  WAXPBY: 711.9208
  SPARSEMV: 1360.0592
Difference between computed and exact = 7.10543e-15.
real 121.02
user 106.67
sys 13.89
