===== CONFIGURATION =====
=== MODULE LOADS ===
=== ENVIRONMENT VARIABLES ===
OMP_NUM_THREADS=16
RAYON_NUM_THREADS=16
=== CPU ARCHITECTURE ===
Architecture:        x86_64
CPU op-mode(s):      32-bit, 64-bit
Byte Order:          Little Endian
CPU(s):              48
On-line CPU(s) list: 0-47
Thread(s) per core:  1
Core(s) per socket:  24
Socket(s):           2
NUMA node(s):        4
Vendor ID:           GenuineIntel
CPU family:          6
Model:               85
Model name:          Intel(R) Xeon(R) Platinum 8268 CPU @ 2.90GHz
Stepping:            7
CPU MHz:             3499.999
BogoMIPS:            5800.00
Virtualization:      VT-x
L1d cache:           32K
L1i cache:           32K
L2 cache:            1024K
L3 cache:            36608K
NUMA node0 CPU(s):   0,4,8,12,16,20,24,28,32,36,40,44
NUMA node1 CPU(s):   1,5,9,13,17,21,25,29,33,37,41,45
NUMA node2 CPU(s):   2,6,10,14,18,22,26,30,34,38,42,46
NUMA node3 CPU(s):   3,7,11,15,19,23,27,31,35,39,43,47
Flags:               fpu vme de pse tsc msr pae mce cx8 apic sep mtrr pge mca cmov pat pse36 clflush dts acpi mmx fxsr sse sse2 ss ht tm pbe syscall nx pdpe1gb rdtscp lm constant_tsc art arch_perfmon pebs bts rep_good nopl xtopology nonstop_tsc cpuid aperfmperf pni pclmulqdq dtes64 monitor ds_cpl vmx smx est tm2 ssse3 sdbg fma cx16 xtpr pdcm pcid dca sse4_1 sse4_2 x2apic movbe popcnt tsc_deadline_timer aes xsave avx f16c rdrand lahf_lm abm 3dnowprefetch cpuid_fault epb cat_l3 cdp_l3 invpcid_single intel_ppin ssbd mba ibrs ibpb stibp ibrs_enhanced fsgsbase tsc_adjust bmi1 hle avx2 smep bmi2 erms invpcid cqm mpx rdt_a avx512f avx512dq rdseed adx smap clflushopt clwb intel_pt avx512cd avx512bw avx512vl xsaveopt xsavec xgetbv1 xsaves cqm_llc cqm_occup_llc cqm_mbm_total cqm_mbm_local dtherm ida arat pln pts pku ospke avx512_vnni md_clear flush_l1d arch_capabilities
=== SLURM CONFIG ===
JobId=798456 JobName=rust-rayon8f9pdzie.sbatch
   UserId=csuxvf(18094) GroupId=csuxvf(18094) MCS_label=N/A
   Priority=759195 Nice=0 Account=dcsug QOS=dcsug
   JobState=RUNNING Reason=None Dependency=(null)
   Requeue=1 Restarts=0 BatchFlag=1 Reboot=0 ExitCode=0:0
   RunTime=00:00:04 TimeLimit=00:10:00 TimeMin=N/A
   SubmitTime=2024-04-12T22:30:29 EligibleTime=2024-04-12T23:06:27
   AccrueTime=2024-04-12T23:06:27
   StartTime=2024-04-12T23:08:57 EndTime=2024-04-12T23:18:57 Deadline=N/A
   SuspendTime=None SecsPreSuspend=0 LastSchedEval=2024-04-12T23:08:57
   Partition=compute AllocNode:Sid=login01:1212000
   ReqNodeList=(null) ExcNodeList=(null)
   NodeList=node016
   BatchHost=node016
   NumNodes=1 NumCPUs=32 NumTasks=1 CPUs/Task=32 ReqB:S:C:T=0:0:*:*
   TRES=cpu=32,mem=40000M,node=1,billing=32
   Socks/Node=* NtasksPerN:B:S:C=1:0:*:* CoreSpec=*
   MinCPUsNode=32 MinMemoryNode=40000M MinTmpDiskNode=0
   Features=(null) DelayBoot=00:00:00
   OverSubscribe=MCS Contiguous=0 Licenses=(null) Network=(null)
   Command=/gpfs/home/dcs/csuxvf/Desktop/hpccg-rs/hpc-multibench/rust-rayon8f9pdzie.sbatch
   WorkDir=/gpfs/home/dcs/csuxvf/Desktop/hpccg-rs/hpc-multibench
   StdErr=/gpfs/home/dcs/csuxvf/Desktop/hpccg-rs/hpc-multibench/results/weak-scaling-threaded/rust-rayon__798456.out
   StdIn=/dev/null
   StdOut=/gpfs/home/dcs/csuxvf/Desktop/hpccg-rs/hpc-multibench/results/weak-scaling-threaded/rust-rayon__798456.out
   Power=
   NtasksPerTRES:0

=== RUN INSTANTIATION ===
{args: 64 64 64, environment_variables: {OMP_NUM_THREADS: 16, RAYON_NUM_THREADS: 16}}

===== BUILD =====
run configuration was pre-built

===== RUN =====
Initial Residual = +1.65481e3
Iteration = 15 , Residual = +1.97523e1
Iteration = 30 , Residual = +1.07645e-1
Iteration = 45 , Residual = +2.29062e-4
Iteration = 60 , Residual = +4.03876e-7
Iteration = 75 , Residual = +4.42290e-10
Iteration = 90 , Residual = +5.59501e-13
Iteration = 105 , Residual = +3.98360e-16
Iteration = 120 , Residual = +1.51287e-19
Iteration = 135 , Residual = +4.54328e-22
Iteration = 149 , Residual = +1.94231e-25
Mini-Application Name: hpccg-parallel
Mini-Application Version: 1.0
Parallelism:
  MPI not enabled:
  Rayon enabled
Dimensions:
  nx: 64
  ny: 64
  nz: 64
Number of iterations: 149
Final residual: 1.94231e-25
#********** Performance Summary (times in sec) ***********
Time Summary:
  Total: 6.5825
  DDOT: 0.5932
  WAXPBY: 0.9587
  SPARSEMV: 5.0136
FLOPS Summary:
  Total: 2499805184
  DDOT: 156237824
  WAXPBY: 234356736
  SPARSEMV: 2109210624
MFLOPS Summary:
  Total: 379.7630
  DDOT: 263.3845
  WAXPBY: 244.4521
  SPARSEMV: 420.7003
Difference between computed and exact = 5.77316e-15.
real 0.50
user 6.61
sys 0.18
