===== CONFIGURATION =====
=== MODULE LOADS ===
=== ENVIRONMENT VARIABLES ===
RAYON_NUM_THREADS=2
=== CPU ARCHITECTURE ===
Architecture:        x86_64
CPU op-mode(s):      32-bit, 64-bit
Byte Order:          Little Endian
CPU(s):              48
On-line CPU(s) list: 0-47
Thread(s) per core:  1
Core(s) per socket:  24
Socket(s):           2
NUMA node(s):        4
Vendor ID:           GenuineIntel
CPU family:          6
Model:               85
Model name:          Intel(R) Xeon(R) Platinum 8268 CPU @ 2.90GHz
Stepping:            7
CPU MHz:             3499.980
BogoMIPS:            5800.00
Virtualization:      VT-x
L1d cache:           32K
L1i cache:           32K
L2 cache:            1024K
L3 cache:            36608K
NUMA node0 CPU(s):   0,4,8,12,16,20,24,28,32,36,40,44
NUMA node1 CPU(s):   1,5,9,13,17,21,25,29,33,37,41,45
NUMA node2 CPU(s):   2,6,10,14,18,22,26,30,34,38,42,46
NUMA node3 CPU(s):   3,7,11,15,19,23,27,31,35,39,43,47
Flags:               fpu vme de pse tsc msr pae mce cx8 apic sep mtrr pge mca cmov pat pse36 clflush dts acpi mmx fxsr sse sse2 ss ht tm pbe syscall nx pdpe1gb rdtscp lm constant_tsc art arch_perfmon pebs bts rep_good nopl xtopology nonstop_tsc cpuid aperfmperf pni pclmulqdq dtes64 monitor ds_cpl vmx smx est tm2 ssse3 sdbg fma cx16 xtpr pdcm pcid dca sse4_1 sse4_2 x2apic movbe popcnt tsc_deadline_timer aes xsave avx f16c rdrand lahf_lm abm 3dnowprefetch cpuid_fault epb cat_l3 cdp_l3 invpcid_single intel_ppin ssbd mba ibrs ibpb stibp ibrs_enhanced fsgsbase tsc_adjust bmi1 hle avx2 smep bmi2 erms invpcid cqm mpx rdt_a avx512f avx512dq rdseed adx smap clflushopt clwb intel_pt avx512cd avx512bw avx512vl xsaveopt xsavec xgetbv1 xsaves cqm_llc cqm_occup_llc cqm_mbm_total cqm_mbm_local dtherm ida arat pln pts pku ospke avx512_vnni md_clear flush_l1d arch_capabilities
=== SLURM CONFIG ===
JobId=799264 JobName=rust-hybridn2w8tpef.sbatch
   UserId=csuxvf(18094) GroupId=csuxvf(18094) MCS_label=N/A
   Priority=759195 Nice=0 Account=dcsug QOS=dcsug
   JobState=RUNNING Reason=None Dependency=(null)
   Requeue=1 Restarts=0 BatchFlag=1 Reboot=0 ExitCode=0:0
   RunTime=00:00:02 TimeLimit=00:10:00 TimeMin=N/A
   SubmitTime=2024-04-13T00:55:22 EligibleTime=2024-04-13T01:35:05
   AccrueTime=2024-04-13T01:35:05
   StartTime=2024-04-13T01:45:06 EndTime=2024-04-13T01:55:06 Deadline=N/A
   SuspendTime=None SecsPreSuspend=0 LastSchedEval=2024-04-13T01:45:06
   Partition=compute AllocNode:Sid=login01:1212000
   ReqNodeList=(null) ExcNodeList=(null)
   NodeList=node[007,016]
   BatchHost=node007
   NumNodes=2 NumCPUs=32 NumTasks=16 CPUs/Task=2 ReqB:S:C:T=0:0:*:*
   TRES=cpu=32,mem=80000M,node=2,billing=32
   Socks/Node=* NtasksPerN:B:S:C=0:0:*:* CoreSpec=*
   MinCPUsNode=2 MinMemoryNode=40000M MinTmpDiskNode=0
   Features=(null) DelayBoot=00:00:00
   OverSubscribe=MCS Contiguous=0 Licenses=(null) Network=(null)
   Command=/gpfs/home/dcs/csuxvf/Desktop/hpccg-rs/hpc-multibench/rust-hybridn2w8tpef.sbatch
   WorkDir=/gpfs/home/dcs/csuxvf/Desktop/hpccg-rs/hpc-multibench
   StdErr=/gpfs/home/dcs/csuxvf/Desktop/hpccg-rs/hpc-multibench/results/strong-scaling-multi-nodal/rust-hybrid__799264.out
   StdIn=/dev/null
   StdOut=/gpfs/home/dcs/csuxvf/Desktop/hpccg-rs/hpc-multibench/results/strong-scaling-multi-nodal/rust-hybrid__799264.out
   Power=
   NtasksPerTRES:0

=== RUN INSTANTIATION ===
{args: 64 64 512, sbatch_config: {ntasks: 2}}

===== BUILD =====
run configuration was pre-built

===== RUN =====
Initial Residual = +1.56167e4
Iteration = 15 , Residual = +2.01520e2
Iteration = 30 , Residual = +1.12638e0
Iteration = 45 , Residual = +2.31792e-3
Iteration = 60 , Residual = +1.64827e-5
Iteration = 75 , Residual = +6.83109e-8
Iteration = 90 , Residual = +3.41395e-10
Iteration = 105 , Residual = +2.00690e-12
Iteration = 120 , Residual = +1.14602e-14
Iteration = 135 , Residual = +7.79980e-17
Iteration = 149 , Residual = +5.96546e-19
Mini-Application Name: hpccg
Mini-Application Version: 1.0
Parallelism:
  Number of MPI ranks: 16
  Rayon disabled
Dimensions:
  nx: 64
  ny: 64
  nz: 512
Number of iterations: 149
Final residual: 5.96546e-19
#********** Performance Summary (times in sec) ***********
Time Summary:
  Total: 21.1442
  DDOT: 7.7430
  WAXPBY: 2.6033
  SPARSEMV: 10.3133
FLOPS Summary:
  Total: 319975063552
  DDOT: 19998441472
  WAXPBY: 29997662208
  SPARSEMV: 269978959872
MFLOPS Summary:
  Total: 15133.0074
  DDOT: 2582.7776
  WAXPBY: 11522.9814
  SPARSEMV: 26177.8385
DDOT Timing Variations:
  Min DDOT MPI_Allreduce time: 0.0923
  Max DDOT MPI_Allreduce time: 6.9213
  Avg DDOT MPI_Allreduce time: 52.5150
SPARSEMV OVERHEADS:
  SPARSEMV MFLOPS W OVERHEAD: 7294.8351
  SPARSEMV PARALLEL OVERHEAD Time: 26.6963
  SPARSEMV PARALLEL OVERHEAD Pct: 72.1335
  SPARSEMV PARALLEL OVERHEAD Setup Time: 2.7138
  SPARSEMV PARALLEL OVERHEAD Setup Pct: 7.3327
  SPARSEMV PARALLEL OVERHEAD Bdry Exch Time: 23.9825
  SPARSEMV PARALLEL OVERHEAD Bdry Exch Pct: 64.8009
Difference between computed and exact = 3.33067e-15.
real 26.10
user 97.10
sys 3.20
