===== CONFIGURATION =====
=== MODULE LOADS ===
=== ENVIRONMENT VARIABLES ===
OMP_NUM_THREADS=48
RAYON_NUM_THREADS=48
=== CPU ARCHITECTURE ===
Architecture:        x86_64
CPU op-mode(s):      32-bit, 64-bit
Byte Order:          Little Endian
CPU(s):              48
On-line CPU(s) list: 0-47
Thread(s) per core:  1
Core(s) per socket:  24
Socket(s):           2
NUMA node(s):        4
Vendor ID:           GenuineIntel
CPU family:          6
Model:               85
Model name:          Intel(R) Xeon(R) Platinum 8268 CPU @ 2.90GHz
Stepping:            7
CPU MHz:             3509.898
BogoMIPS:            5800.00
Virtualization:      VT-x
L1d cache:           32K
L1i cache:           32K
L2 cache:            1024K
L3 cache:            36608K
NUMA node0 CPU(s):   0,4,8,12,16,20,24,28,32,36,40,44
NUMA node1 CPU(s):   1,5,9,13,17,21,25,29,33,37,41,45
NUMA node2 CPU(s):   2,6,10,14,18,22,26,30,34,38,42,46
NUMA node3 CPU(s):   3,7,11,15,19,23,27,31,35,39,43,47
Flags:               fpu vme de pse tsc msr pae mce cx8 apic sep mtrr pge mca cmov pat pse36 clflush dts acpi mmx fxsr sse sse2 ss ht tm pbe syscall nx pdpe1gb rdtscp lm constant_tsc art arch_perfmon pebs bts rep_good nopl xtopology nonstop_tsc cpuid aperfmperf pni pclmulqdq dtes64 monitor ds_cpl vmx smx est tm2 ssse3 sdbg fma cx16 xtpr pdcm pcid dca sse4_1 sse4_2 x2apic movbe popcnt tsc_deadline_timer aes xsave avx f16c rdrand lahf_lm abm 3dnowprefetch cpuid_fault epb cat_l3 cdp_l3 invpcid_single intel_ppin ssbd mba ibrs ibpb stibp ibrs_enhanced fsgsbase tsc_adjust bmi1 hle avx2 smep bmi2 erms invpcid cqm mpx rdt_a avx512f avx512dq rdseed adx smap clflushopt clwb intel_pt avx512cd avx512bw avx512vl xsaveopt xsavec xgetbv1 xsaves cqm_llc cqm_occup_llc cqm_mbm_total cqm_mbm_local dtherm ida arat pln pts pku ospke avx512_vnni md_clear flush_l1d arch_capabilities
=== SLURM CONFIG ===
JobId=806017 JobName=cpp-hybridz8pxkn_5.sbatch
   UserId=csuxvf(18094) GroupId=csuxvf(18094) MCS_label=N/A
   Priority=389854 Nice=0 Account=dcsug QOS=dcsug
   JobState=RUNNING Reason=None Dependency=(null)
   Requeue=1 Restarts=0 BatchFlag=1 Reboot=0 ExitCode=0:0
   RunTime=00:00:08 TimeLimit=00:10:00 TimeMin=N/A
   SubmitTime=2024-04-21T02:15:44 EligibleTime=2024-04-21T03:29:49
   AccrueTime=2024-04-21T03:29:49
   StartTime=2024-04-21T03:41:19 EndTime=2024-04-21T03:51:19 Deadline=N/A
   SuspendTime=None SecsPreSuspend=0 LastSchedEval=2024-04-21T03:41:19
   Partition=compute AllocNode:Sid=login01:1784943
   ReqNodeList=(null) ExcNodeList=(null)
   NodeList=node[077-078,116,140,159]
   BatchHost=node077
   NumNodes=5 NumCPUs=240 NumTasks=5 CPUs/Task=48 ReqB:S:C:T=0:0:*:*
   TRES=cpu=240,mem=200000M,node=5,billing=240
   Socks/Node=* NtasksPerN:B:S:C=1:0:*:* CoreSpec=*
   MinCPUsNode=48 MinMemoryNode=40000M MinTmpDiskNode=0
   Features=(null) DelayBoot=00:00:00
   OverSubscribe=MCS Contiguous=0 Licenses=(null) Network=(null)
   Command=/gpfs/home/dcs/csuxvf/Desktop/hpc-multibench/cpp-hybridz8pxkn_5.sbatch
   WorkDir=/gpfs/home/dcs/csuxvf/Desktop/hpc-multibench
   StdErr=/gpfs/home/dcs/csuxvf/Desktop/hpc-multibench/results/hybrid/cpp-hybrid__806017.out
   StdIn=/dev/null
   StdOut=/gpfs/home/dcs/csuxvf/Desktop/hpc-multibench/results/hybrid/cpp-hybrid__806017.out
   Power=
   NtasksPerTRES:0

=== RUN INSTANTIATION ===
{args: 400 400 400, sbatch_config: {nodes: 5, ntasks-per-node: 1, cpus-per-task: 48}, environment_variables: {OMP_NUM_THREADS: 48, RAYON_NUM_THREADS: 48}}

===== BUILD =====
run configuration was pre-built

===== RUN =====
Initial Residual = 25867.3
Iteration = 15   Residual = 315.196
Iteration = 30   Residual = 2.15322
Iteration = 45   Residual = 0.014812
Iteration = 60   Residual = 0.000101861
Iteration = 75   Residual = 7.00202e-07
Iteration = 90   Residual = 4.81067e-09
Iteration = 105   Residual = 3.30266e-11
Iteration = 120   Residual = 2.26493e-13
Iteration = 135   Residual = 1.55071e-15
Iteration = 149   Residual = 1.47656e-17
Mini-Application Name: hpccg
Mini-Application Version: 1.0
Parallelism: 
  Number of MPI ranks: 5
  Number of OpenMP threads: 48
Dimensions: 
  nx: 400
  ny: 400
  nz: 400
Number of iterations: 149
Final residual: 1.47656e-17
#********** Performance Summary (times in sec) ***********: 
Time Summary: 
  Total   : 339.302
  DDOT    : 26.7025
  WAXPBY  : 34.3929
  SPARSEMV: 278.138
FLOPS Summary: 
  Total   : 3.05152e+12
  DDOT    : 1.9072e+11
  WAXPBY  : 2.8608e+11
  SPARSEMV: 2.57472e+12
MFLOPS Summary: 
  Total   : 8993.53
  DDOT    : 7142.39
  WAXPBY  : 8318
  SPARSEMV: 9256.97
DDOT Timing Variations: 
  Min DDOT MPI_Allreduce time: 0.00278449
  Max DDOT MPI_Allreduce time: 2.68884
  Avg DDOT MPI_Allreduce time: 1.10675
SPARSEMV OVERHEADS: 
  SPARSEMV MFLOPS W OVERHEAD: 8978.48
  SPARSEMV PARALLEL OVERHEAD Time: 8.62724
  SPARSEMV PARALLEL OVERHEAD Pct: 3.00846
  SPARSEMV PARALLEL OVERHEAD Setup Time: 8.56368
  SPARSEMV PARALLEL OVERHEAD Setup Pct: 2.9863
  SPARSEMV PARALLEL OVERHEAD Bdry Exch Time: 0.0635626
  SPARSEMV PARALLEL OVERHEAD Bdry Exch Pct: 0.0221653
real 360.52
user 349.81
sys 4.53
