===== CONFIGURATION =====
=== MODULE LOADS ===
=== ENVIRONMENT VARIABLES ===
OMP_NUM_THREADS=48
RAYON_NUM_THREADS=48
=== CPU ARCHITECTURE ===
Architecture:        x86_64
CPU op-mode(s):      32-bit, 64-bit
Byte Order:          Little Endian
CPU(s):              48
On-line CPU(s) list: 0-47
Thread(s) per core:  1
Core(s) per socket:  24
Socket(s):           2
NUMA node(s):        4
Vendor ID:           GenuineIntel
CPU family:          6
Model:               85
Model name:          Intel(R) Xeon(R) Platinum 8268 CPU @ 2.90GHz
Stepping:            7
CPU MHz:             3493.993
BogoMIPS:            5800.00
Virtualization:      VT-x
L1d cache:           32K
L1i cache:           32K
L2 cache:            1024K
L3 cache:            36608K
NUMA node0 CPU(s):   0,4,8,12,16,20,24,28,32,36,40,44
NUMA node1 CPU(s):   1,5,9,13,17,21,25,29,33,37,41,45
NUMA node2 CPU(s):   2,6,10,14,18,22,26,30,34,38,42,46
NUMA node3 CPU(s):   3,7,11,15,19,23,27,31,35,39,43,47
Flags:               fpu vme de pse tsc msr pae mce cx8 apic sep mtrr pge mca cmov pat pse36 clflush dts acpi mmx fxsr sse sse2 ss ht tm pbe syscall nx pdpe1gb rdtscp lm constant_tsc art arch_perfmon pebs bts rep_good nopl xtopology nonstop_tsc cpuid aperfmperf pni pclmulqdq dtes64 monitor ds_cpl vmx smx est tm2 ssse3 sdbg fma cx16 xtpr pdcm pcid dca sse4_1 sse4_2 x2apic movbe popcnt tsc_deadline_timer aes xsave avx f16c rdrand lahf_lm abm 3dnowprefetch cpuid_fault epb cat_l3 cdp_l3 invpcid_single intel_ppin ssbd mba ibrs ibpb stibp ibrs_enhanced fsgsbase tsc_adjust bmi1 hle avx2 smep bmi2 erms invpcid cqm mpx rdt_a avx512f avx512dq rdseed adx smap clflushopt clwb intel_pt avx512cd avx512bw avx512vl xsaveopt xsavec xgetbv1 xsaves cqm_llc cqm_occup_llc cqm_mbm_total cqm_mbm_local dtherm ida arat pln pts pku ospke avx512_vnni md_clear flush_l1d arch_capabilities
=== SLURM CONFIG ===
JobId=806015 JobName=cpp-hybrid3f51gqok.sbatch
   UserId=csuxvf(18094) GroupId=csuxvf(18094) MCS_label=N/A
   Priority=389853 Nice=0 Account=dcsug QOS=dcsug
   JobState=RUNNING Reason=None Dependency=(null)
   Requeue=1 Restarts=0 BatchFlag=1 Reboot=0 ExitCode=0:0
   RunTime=00:00:08 TimeLimit=00:10:00 TimeMin=N/A
   SubmitTime=2024-04-21T02:15:44 EligibleTime=2024-04-21T03:29:49
   AccrueTime=2024-04-21T03:29:49
   StartTime=2024-04-21T03:32:07 EndTime=2024-04-21T03:42:07 Deadline=N/A
   SuspendTime=None SecsPreSuspend=0 LastSchedEval=2024-04-21T03:32:07
   Partition=compute AllocNode:Sid=login01:1784943
   ReqNodeList=(null) ExcNodeList=(null)
   NodeList=node[077-078,116,140,159]
   BatchHost=node077
   NumNodes=5 NumCPUs=240 NumTasks=5 CPUs/Task=48 ReqB:S:C:T=0:0:*:*
   TRES=cpu=240,mem=200000M,node=5,billing=240
   Socks/Node=* NtasksPerN:B:S:C=1:0:*:* CoreSpec=*
   MinCPUsNode=48 MinMemoryNode=40000M MinTmpDiskNode=0
   Features=(null) DelayBoot=00:00:00
   OverSubscribe=MCS Contiguous=0 Licenses=(null) Network=(null)
   Command=/gpfs/home/dcs/csuxvf/Desktop/hpc-multibench/cpp-hybrid3f51gqok.sbatch
   WorkDir=/gpfs/home/dcs/csuxvf/Desktop/hpc-multibench
   StdErr=/gpfs/home/dcs/csuxvf/Desktop/hpc-multibench/results/hybrid/cpp-hybrid__806015.out
   StdIn=/dev/null
   StdOut=/gpfs/home/dcs/csuxvf/Desktop/hpc-multibench/results/hybrid/cpp-hybrid__806015.out
   Power=
   NtasksPerTRES:0

=== RUN INSTANTIATION ===
{args: 100 100 100, sbatch_config: {nodes: 5, ntasks-per-node: 1, cpus-per-task: 48}, environment_variables: {OMP_NUM_THREADS: 48, RAYON_NUM_THREADS: 48}}

===== BUILD =====
run configuration was pre-built

===== RUN =====
Initial Residual = 5190.28
Iteration = 15   Residual = 70.5335
Iteration = 30   Residual = 0.461926
Iteration = 45   Residual = 0.00283262
Iteration = 60   Residual = 1.23862e-05
Iteration = 75   Residual = 8.17546e-08
Iteration = 90   Residual = 5.05788e-10
Iteration = 105   Residual = 3.44376e-12
Iteration = 120   Residual = 2.1068e-14
Iteration = 135   Residual = 1.32726e-16
Iteration = 149   Residual = 1.27958e-18
Mini-Application Name: hpccg
Mini-Application Version: 1.0
Parallelism: 
  Number of MPI ranks: 5
  Number of OpenMP threads: 48
Dimensions: 
  nx: 100
  ny: 100
  nz: 100
Number of iterations: 149
Final residual: 1.27958e-18
#********** Performance Summary (times in sec) ***********: 
Time Summary: 
  Total   : 5.38097
  DDOT    : 0.514716
  WAXPBY  : 0.547794
  SPARSEMV: 4.31114
FLOPS Summary: 
  Total   : 4.768e+10
  DDOT    : 2.98e+09
  WAXPBY  : 4.47e+09
  SPARSEMV: 4.023e+10
MFLOPS Summary: 
  Total   : 8860.85
  DDOT    : 5789.6
  WAXPBY  : 8160.01
  SPARSEMV: 9331.64
DDOT Timing Variations: 
  Min DDOT MPI_Allreduce time: 0.00332768
  Max DDOT MPI_Allreduce time: 0.0431917
  Avg DDOT MPI_Allreduce time: 0.0248314
SPARSEMV OVERHEADS: 
  SPARSEMV MFLOPS W OVERHEAD: 9038.14
  SPARSEMV PARALLEL OVERHEAD Time: 0.139997
  SPARSEMV PARALLEL OVERHEAD Pct: 3.14521
  SPARSEMV PARALLEL OVERHEAD Setup Time: 0.133413
  SPARSEMV PARALLEL OVERHEAD Setup Pct: 2.99727
  SPARSEMV PARALLEL OVERHEAD Bdry Exch Time: 0.00658492
  SPARSEMV PARALLEL OVERHEAD Bdry Exch Pct: 0.147938
real 10.70
user 5.64
sys 0.38
