===== CONFIGURATION =====
=== MODULE LOADS ===
=== ENVIRONMENT VARIABLES ===
OMP_NUM_THREADS=48
RAYON_NUM_THREADS=48
=== CPU ARCHITECTURE ===
Architecture:        x86_64
CPU op-mode(s):      32-bit, 64-bit
Byte Order:          Little Endian
CPU(s):              48
On-line CPU(s) list: 0-47
Thread(s) per core:  1
Core(s) per socket:  24
Socket(s):           2
NUMA node(s):        4
Vendor ID:           GenuineIntel
CPU family:          6
Model:               85
Model name:          Intel(R) Xeon(R) Platinum 8268 CPU @ 2.90GHz
Stepping:            7
CPU MHz:             3495.293
BogoMIPS:            5800.00
Virtualization:      VT-x
L1d cache:           32K
L1i cache:           32K
L2 cache:            1024K
L3 cache:            36608K
NUMA node0 CPU(s):   0,4,8,12,16,20,24,28,32,36,40,44
NUMA node1 CPU(s):   1,5,9,13,17,21,25,29,33,37,41,45
NUMA node2 CPU(s):   2,6,10,14,18,22,26,30,34,38,42,46
NUMA node3 CPU(s):   3,7,11,15,19,23,27,31,35,39,43,47
Flags:               fpu vme de pse tsc msr pae mce cx8 apic sep mtrr pge mca cmov pat pse36 clflush dts acpi mmx fxsr sse sse2 ss ht tm pbe syscall nx pdpe1gb rdtscp lm constant_tsc art arch_perfmon pebs bts rep_good nopl xtopology nonstop_tsc cpuid aperfmperf pni pclmulqdq dtes64 monitor ds_cpl vmx smx est tm2 ssse3 sdbg fma cx16 xtpr pdcm pcid dca sse4_1 sse4_2 x2apic movbe popcnt tsc_deadline_timer aes xsave avx f16c rdrand lahf_lm abm 3dnowprefetch cpuid_fault epb cat_l3 cdp_l3 invpcid_single intel_ppin ssbd mba ibrs ibpb stibp ibrs_enhanced fsgsbase tsc_adjust bmi1 hle avx2 smep bmi2 erms invpcid cqm mpx rdt_a avx512f avx512dq rdseed adx smap clflushopt clwb intel_pt avx512cd avx512bw avx512vl xsaveopt xsavec xgetbv1 xsaves cqm_llc cqm_occup_llc cqm_mbm_total cqm_mbm_local dtherm ida arat pln pts pku ospke avx512_vnni md_clear flush_l1d arch_capabilities
=== SLURM CONFIG ===
JobId=806028 JobName=rust-hybridzv_q2rtz.sbatch
   UserId=csuxvf(18094) GroupId=csuxvf(18094) MCS_label=N/A
   Priority=389858 Nice=0 Account=dcsug QOS=dcsug
   JobState=RUNNING Reason=None Dependency=(null)
   Requeue=1 Restarts=0 BatchFlag=1 Reboot=0 ExitCode=0:0
   RunTime=00:00:14 TimeLimit=00:10:00 TimeMin=N/A
   SubmitTime=2024-04-21T02:15:45 EligibleTime=2024-04-21T03:32:07
   AccrueTime=2024-04-21T03:32:07
   StartTime=2024-04-21T04:31:19 EndTime=2024-04-21T04:41:19 Deadline=N/A
   SuspendTime=None SecsPreSuspend=0 LastSchedEval=2024-04-21T04:31:19
   Partition=compute AllocNode:Sid=login01:1784943
   ReqNodeList=(null) ExcNodeList=(null)
   NodeList=node[122,129,140,159,174]
   BatchHost=node122
   NumNodes=5 NumCPUs=240 NumTasks=5 CPUs/Task=48 ReqB:S:C:T=0:0:*:*
   TRES=cpu=240,mem=200000M,node=5,billing=240
   Socks/Node=* NtasksPerN:B:S:C=1:0:*:* CoreSpec=*
   MinCPUsNode=48 MinMemoryNode=40000M MinTmpDiskNode=0
   Features=(null) DelayBoot=00:00:00
   OverSubscribe=MCS Contiguous=0 Licenses=(null) Network=(null)
   Command=/gpfs/home/dcs/csuxvf/Desktop/hpc-multibench/rust-hybridzv_q2rtz.sbatch
   WorkDir=/gpfs/home/dcs/csuxvf/Desktop/hpc-multibench
   StdErr=/gpfs/home/dcs/csuxvf/Desktop/hpc-multibench/results/hybrid/rust-hybrid__806028.out
   StdIn=/dev/null
   StdOut=/gpfs/home/dcs/csuxvf/Desktop/hpc-multibench/results/hybrid/rust-hybrid__806028.out
   Power=
   NtasksPerTRES:0

=== RUN INSTANTIATION ===
{args: 1200 1200 1200, sbatch_config: {nodes: 5, ntasks-per-node: 1, cpus-per-task: 48}, environment_variables: {OMP_NUM_THREADS: 48, RAYON_NUM_THREADS: 48}}

===== BUILD =====
run configuration was pre-built

===== RUN =====
memory allocation of 373248000000 bytes failed
[node129:2233933] *** Process received signal ***
[node129:2233933] Signal: Aborted (6)
[node129:2233933] Signal code:  (-6)
[node129:2233933] [ 0] /lib64/libpthread.so.0(+0x12b20)[0x149fbfcd9b20]
[node129:2233933] [ 1] /lib64/libc.so.6(gsignal+0x10f)[0x149fbf73537f]
[node129:2233933] [ 2] /lib64/libc.so.6(abort+0x127)[0x149fbf71fdb5]
[node129:2233933] [ 3] ./target/release/hpccg-rs(+0x37d47)[0x5625382c5d47]
[node129:2233933] [ 4] ./target/release/hpccg-rs(+0xd316)[0x56253829b316]
[node129:2233933] [ 5] ./target/release/hpccg-rs(+0x6aa9b)[0x5625382f8a9b]
memory allocation of 373248000000 bytes failed
[node122:1259023] *** Process received signal ***
[node122:1259023] Signal: Aborted (6)
[node122:1259023] Signal code:  (-6)
[node122:1259023] [ 0] /lib64/libpthread.so.0(+0x12b20)[0x1470a165ab20]
[node122:1259023] [ 1] /lib64/libc.so.6(gsignal+0x10f)[0x1470a10b637f]
[node122:1259023] [ 2] /lib64/libc.so.6(abort+0x127)[0x1470a10a0db5]
[node122:1259023] [ 3] ./target/release/hpccg-rs(+0x37d47)[0x555dc9cead47]
[node122:1259023] [ 4] ./target/release/hpccg-rs(+0xd316)[0x555dc9cc0316]
[node122:1259023] [ 5] ./target/release/hpccg-rs(+0x6aa9b)[0x555dc9d1da9b]
[node122:1259023] [ 6] ./target/release/hpccg-rs(+0x6aaaf)[0x555dc9d1daaf]
[node122:1259023] [ 7] ./target/release/hpccg-rs(+0x2b816)[0x555dc9cde816]
[node122:1259023] [ 8] ./target/release/hpccg-rs(+0x8c2f)[0x555dc9cbbc2f]
[node122:1259023] [ 9] ./target/release/hpccg-rs(+0x1846b)[0x555dc9ccb46b]
[node122:1259023] [10] ./target/release/hpccg-rs(+0xf123)[0x555dc9cc2123]
[node122:1259023] [11] ./target/release/hpccg-rs(+0xf159)[0x555dc9cc2159]
[node122:1259023] [12] ./target/release/hpccg-rs(+0x37b08)[0x555dc9ceab08]
[node122:1259023] [13] ./target/release/hpccg-rs(+0xf144)[0x555dc9cc2144]
[node122:1259023] [14] /lib64/libc.so.6(__libc_start_main+0xf3)[0x1470a10a2493]
[node122:1259023] [15] ./target/release/hpccg-rs(+0xd67e)[0x555dc9cc067e]
[node122:1259023] *** End of error message ***
[node129:2233933] [ 6] ./target/release/hpccg-rs(+0x6aaaf)[0x5625382f8aaf]
[node129:2233933] [ 7] ./target/release/hpccg-rs(+0x2b816)[0x5625382b9816]
[node129:2233933] [ 8] ./target/release/hpccg-rs(+0x8c2f)[0x562538296c2f]
[node129:2233933] [ 9] ./target/release/hpccg-rs(+0x1846b)[0x5625382a646b]
[node129:2233933] [10] ./target/release/hpccg-rs(+0xf123)[0x56253829d123]
[node129:2233933] [11] ./target/release/hpccg-rs(+0xf159)[0x56253829d159]
[node129:2233933] memory allocation of 373248000000 bytes failed
memory allocation of 373248000000 bytes failed
memory allocation of 373248000000 bytes failed
[node159:3072822] *** Process received signal ***
[node174:3772724] *** Process received signal ***
[node174:3772724] Signal: Aborted (6)
[node174:3772724] Signal code:  (-6)
[12] ./target/release/hpccg-rs(+0x37b08)[0x5625382c5b08]
[node129:2233933] [13] ./target/release/hpccg-rs(+0xf144)[0x56253829d144]
[node129:2233933] [14] /lib64/libc.so.6(__libc_start_main+0xf3)[0x149fbf721493]
[node129:2233933] [node140:3826732] *** Process received signal ***
[node140:3826732] Signal: Aborted (6)
[node140:3826732] Signal code:  (-6)
[node174:3772724] [ 0] [15] ./target/release/hpccg-rs(+0xd67e)[0x56253829b67e]
[node129:2233933] *** End of error message ***
[node140:3826732] [ 0] [node159:3072822] Signal: Aborted (6)
[node159:3072822] Signal code:  (-6)
[node159:3072822] [ 0] /lib64/libpthread.so.0(+0x12b20)[0x153c5f9eeb20]
[node159:3072822] [ 1] /lib64/libpthread.so.0(+0x12b20)[0x14e973627b20]
[node174:3772724] [ 1] /lib64/libpthread.so.0(+0x12b20)[0x147fbfe4eb20]
[node140:3826732] [ 1] /lib64/libc.so.6(gsignal+0x10f)[0x147fbf8aa37f]
[node140:3826732] [ 2] /lib64/libc.so.6(gsignal+0x10f)[0x153c5f44a37f]
[node159:3072822] [ 2] /lib64/libc.so.6(gsignal+0x10f)[0x14e97308337f]
[node174:3772724] [ 2] /lib64/libc.so.6(abort+0x127)[0x147fbf894db5]
[node140:3826732] [ 3] /lib64/libc.so.6(abort+0x127)[0x153c5f434db5]
[node159:3072822] [ 3] ./target/release/hpccg-rs(+0x37d47)[0x5571733dfd47]
[node159:3072822] [ 4] ./target/release/hpccg-rs(+0xd316)[0x5571733b5316]
[node159:3072822] [ 5] ./target/release/hpccg-rs(+0x6aa9b)[0x557173412a9b]
[node159:3072822] [ 6] ./target/release/hpccg-rs(+0x6aaaf)[0x557173412aaf]
[node159:3072822] [ 7] /lib64/libc.so.6(abort+0x127)[0x14e97306ddb5]
[node174:3772724] [ 3] ./target/release/hpccg-rs(+0x37d47)[0x55c10cdd6d47]
[node174:3772724] [ 4] ./target/release/hpccg-rs(+0xd316)[0x55c10cdac316]
[node174:3772724] [ 5] ./target/release/hpccg-rs(+0x37d47)[0x562fb1277d47]
[node140:3826732] [ 4] ./target/release/hpccg-rs(+0xd316)[0x562fb124d316]
[node140:3826732] [ 5] ./target/release/hpccg-rs(+0x6aa9b)[0x562fb12aaa9b]
[node140:3826732] [ 6] ./target/release/hpccg-rs(+0x6aaaf)[0x562fb12aaaaf]
[node140:3826732] [ 7] ./target/release/hpccg-rs(+0x2b816)[0x562fb126b816]
[node140:3826732] [ 8] ./target/release/hpccg-rs(+0x8c2f)[0x562fb1248c2f]
[node140:3826732] [ 9] ./target/release/hpccg-rs(+0x1846b)[0x562fb125846b]
[node140:3826732] [10] ./target/release/hpccg-rs(+0xf123)[0x562fb124f123]
[node140:3826732] [11] ./target/release/hpccg-rs(+0xf159)[0x562fb124f159]
[node140:3826732] [12] ./target/release/hpccg-rs(+0x37b08)[0x562fb1277b08]
[node140:3826732] ./target/release/hpccg-rs(+0x2b816)[0x5571733d3816]
[node159:3072822] [ 8] ./target/release/hpccg-rs(+0x8c2f)[0x5571733b0c2f]
[node159:3072822] [ 9] ./target/release/hpccg-rs(+0x1846b)[0x5571733c046b]
[node159:3072822] [10] ./target/release/hpccg-rs(+0xf123)[0x5571733b7123]
[node159:3072822] [11] ./target/release/hpccg-rs(+0xf159)[0x5571733b7159]
[node159:3072822] [12] ./target/release/hpccg-rs(+0x37b08)[0x5571733dfb08]
[node159:3072822] [13] ./target/release/hpccg-rs(+0xf144)[0x5571733b7144]
[node159:3072822] [14] ./target/release/hpccg-rs(+0x6aa9b)[0x55c10ce09a9b]
[node174:3772724] [ 6] ./target/release/hpccg-rs(+0x6aaaf)[0x55c10ce09aaf]
[node174:3772724] [ 7] ./target/release/hpccg-rs(+0x2b816)[0x55c10cdca816]
[node174:3772724] [ 8] ./target/release/hpccg-rs(+0x8c2f)[0x55c10cda7c2f]
[node174:3772724] [ 9] ./target/release/hpccg-rs(+0x1846b)[0x55c10cdb746b]
[node174:3772724] [10] ./target/release/hpccg-rs(+0xf123)[0x55c10cdae123]
[node174:3772724] [11] ./target/release/hpccg-rs(+0xf159)[0x55c10cdae159]
[node174:3772724] [12] ./target/release/hpccg-rs(+0x37b08)[0x55c10cdd6b08]
[node174:3772724] [13] ./target/release/hpccg-rs(+0xf144)[0x55c10cdae144]
[node174:3772724] [14] [13] ./target/release/hpccg-rs(+0xf144)[0x562fb124f144]
[node140:3826732] [14] /lib64/libc.so.6(__libc_start_main+0xf3)[0x153c5f436493]
[node159:3072822] [15] ./target/release/hpccg-rs(+0xd67e)[0x5571733b567e]
[node159:3072822] *** End of error message ***
/lib64/libc.so.6(__libc_start_main+0xf3)[0x14e97306f493]
[node174:3772724] [15] ./target/release/hpccg-rs(+0xd67e)[0x55c10cdac67e]
[node174:3772724] *** End of error message ***
/lib64/libc.so.6(__libc_start_main+0xf3)[0x147fbf896493]
[node140:3826732] [15] ./target/release/hpccg-rs(+0xd67e)[0x562fb124d67e]
[node140:3826732] *** End of error message ***
--------------------------------------------------------------------------
Primary job  terminated normally, but 1 process returned
a non-zero exit code. Per user-direction, the job has been aborted.
--------------------------------------------------------------------------
--------------------------------------------------------------------------
mpirun noticed that process rank 1 with PID 2233933 on node node129 exited on signal 6 (Aborted).
--------------------------------------------------------------------------
4 total processes killed (some possibly by mpirun during cleanup)
real 6.91
user 0.03
sys 0.18
