===== CONFIGURATION =====
=== MODULE LOADS ===
=== CPU ARCHITECTURE ===
Architecture:        x86_64
CPU op-mode(s):      32-bit, 64-bit
Byte Order:          Little Endian
CPU(s):              48
On-line CPU(s) list: 0-47
Thread(s) per core:  1
Core(s) per socket:  24
Socket(s):           2
NUMA node(s):        4
Vendor ID:           GenuineIntel
CPU family:          6
Model:               85
Model name:          Intel(R) Xeon(R) Platinum 8268 CPU @ 2.90GHz
Stepping:            7
CPU MHz:             3500.007
BogoMIPS:            5800.00
Virtualization:      VT-x
L1d cache:           32K
L1i cache:           32K
L2 cache:            1024K
L3 cache:            36608K
NUMA node0 CPU(s):   0,4,8,12,16,20,24,28,32,36,40,44
NUMA node1 CPU(s):   1,5,9,13,17,21,25,29,33,37,41,45
NUMA node2 CPU(s):   2,6,10,14,18,22,26,30,34,38,42,46
NUMA node3 CPU(s):   3,7,11,15,19,23,27,31,35,39,43,47
Flags:               fpu vme de pse tsc msr pae mce cx8 apic sep mtrr pge mca cmov pat pse36 clflush dts acpi mmx fxsr sse sse2 ss ht tm pbe syscall nx pdpe1gb rdtscp lm constant_tsc art arch_perfmon pebs bts rep_good nopl xtopology nonstop_tsc cpuid aperfmperf pni pclmulqdq dtes64 monitor ds_cpl vmx smx est tm2 ssse3 sdbg fma cx16 xtpr pdcm pcid dca sse4_1 sse4_2 x2apic movbe popcnt tsc_deadline_timer aes xsave avx f16c rdrand lahf_lm abm 3dnowprefetch cpuid_fault epb cat_l3 cdp_l3 invpcid_single intel_ppin ssbd mba ibrs ibpb stibp ibrs_enhanced fsgsbase tsc_adjust bmi1 hle avx2 smep bmi2 erms invpcid cqm mpx rdt_a avx512f avx512dq rdseed adx smap clflushopt clwb intel_pt avx512cd avx512bw avx512vl xsaveopt xsavec xgetbv1 xsaves cqm_llc cqm_occup_llc cqm_mbm_total cqm_mbm_local dtherm ida arat pln pts pku ospke avx512_vnni md_clear flush_l1d arch_capabilities
=== SLURM CONFIG ===
JobId=798594 JobName=rust-mpigv9h4fq_.sbatch
   UserId=csuxvf(18094) GroupId=csuxvf(18094) MCS_label=N/A
   Priority=759196 Nice=0 Account=dcsug QOS=dcsug
   JobState=RUNNING Reason=None Dependency=(null)
   Requeue=1 Restarts=0 BatchFlag=1 Reboot=0 ExitCode=0:0
   RunTime=00:00:05 TimeLimit=00:10:00 TimeMin=N/A
   SubmitTime=2024-04-12T22:30:36 EligibleTime=2024-04-12T22:30:36
   AccrueTime=2024-04-12T22:30:36
   StartTime=2024-04-12T22:30:57 EndTime=2024-04-12T22:40:57 Deadline=N/A
   SuspendTime=None SecsPreSuspend=0 LastSchedEval=2024-04-12T22:30:57
   Partition=compute AllocNode:Sid=login01:1212000
   ReqNodeList=(null) ExcNodeList=(null)
   NodeList=node[069-070]
   BatchHost=node069
   NumNodes=2 NumCPUs=16 NumTasks=16 CPUs/Task=1 ReqB:S:C:T=0:0:*:*
   TRES=cpu=16,mem=80000M,node=2,billing=16
   Socks/Node=* NtasksPerN:B:S:C=0:0:*:* CoreSpec=*
   MinCPUsNode=1 MinMemoryNode=40000M MinTmpDiskNode=0
   Features=(null) DelayBoot=00:00:00
   OverSubscribe=MCS Contiguous=0 Licenses=(null) Network=(null)
   Command=/gpfs/home/dcs/csuxvf/Desktop/hpccg-rs/hpc-multibench/rust-mpigv9h4fq_.sbatch
   WorkDir=/gpfs/home/dcs/csuxvf/Desktop/hpccg-rs/hpc-multibench
   StdErr=/gpfs/home/dcs/csuxvf/Desktop/hpccg-rs/hpc-multibench/results/weak-scaling-message-passing/rust-mpi__798594.out
   StdIn=/dev/null
   StdOut=/gpfs/home/dcs/csuxvf/Desktop/hpccg-rs/hpc-multibench/results/weak-scaling-message-passing/rust-mpi__798594.out
   Power=
   NtasksPerTRES:0

=== RUN INSTANTIATION ===
{args: 64 64 64, sbatch_config: {ntasks: 1, nodes: 1}}

===== BUILD =====
   Compiling proc-macro2 v1.0.78
   Compiling unicode-ident v1.0.12
   Compiling glob v0.3.1
   Compiling cc v1.0.85
   Compiling rustix v0.38.31
   Compiling libc v0.2.153
   Compiling prettyplease v0.2.16
   Compiling regex-syntax v0.8.2
   Compiling minimal-lexical v0.2.1
   Compiling clang-sys v1.7.0
   Compiling cfg-if v1.0.0
   Compiling pkg-config v0.3.29
   Compiling memchr v2.7.1
   Compiling linux-raw-sys v0.4.13
   Compiling shell-words v1.1.0
   Compiling bitflags v2.4.2
   Compiling build-probe-mpi v0.1.3
   Compiling quote v1.0.35
   Compiling libloading v0.8.1
   Compiling nom v7.1.3
   Compiling syn v2.0.48
   Compiling home v0.5.9
   Compiling bindgen v0.68.1
   Compiling either v1.10.0
   Compiling regex-automata v0.4.5
   Compiling shlex v1.3.0
   Compiling lazycell v1.3.0
   Compiling log v0.4.20
   Compiling rustc-hash v1.1.0
   Compiling peeking_take_while v0.1.2
   Compiling lazy_static v1.4.0
   Compiling libffi-sys v2.3.0
   Compiling autocfg v1.1.0
   Compiling which v4.4.2
   Compiling cexpr v0.6.0
   Compiling memoffset v0.9.0
   Compiling regex v1.10.3
   Compiling thiserror v1.0.57
   Compiling mpi v0.7.0
   Compiling custom_derive v0.1.7
   Compiling conv v0.3.3
   Compiling once_cell v1.19.0
   Compiling smallvec v1.13.1
   Compiling thiserror-impl v1.0.57
   Compiling mpi-derive v0.1.1
error: failed to run custom build command for `libffi-sys v2.3.0`

Caused by:
  process didn't exit successfully: `/gpfs/home/dcs/csuxvf/Desktop/hpccg-rs/7_mpi/target/release/build/libffi-sys-8e559ce4ca4e2ad8/build-script-build` (exit status: 101)
  --- stdout
  running: "cc" "--version"
  exit status: 0
  running: "cc" "--version"
  exit status: 0

  --- stderr
  configure: error: cannot find required auxiliary files: ltmain.sh missing install-sh config.sub
  thread 'main' panicked at /home/dcs/csuxvf/.cargo/registry/src/index.crates.io-6f17d22bba15001f/libffi-sys-2.3.0/build/common.rs:8:5:
  Configuring libffi
  note: run with `RUST_BACKTRACE=1` environment variable to display a backtrace
warning: build failed, waiting for other jobs to finish...

===== RUN =====
Initial Residual = +5.58746e3
Iteration = 15 , Residual = +7.19055e1
Iteration = 30 , Residual = +4.04189e-1
Iteration = 45 , Residual = +1.29556e-3
Iteration = 60 , Residual = +7.39304e-6
Iteration = 75 , Residual = +3.50312e-8
Iteration = 90 , Residual = +2.37424e-10
Iteration = 105 , Residual = +1.54436e-12
Iteration = 120 , Residual = +8.16975e-15
Iteration = 135 , Residual = +5.12996e-17
Iteration = 149 , Residual = +4.68143e-19
Mini-Application Name: hpccg
Mini-Application Version: 1.0
Parallelism:
  Number of MPI ranks: 16
  Rayon disabled
Dimensions:
  nx: 64
  ny: 64
  nz: 64
Number of iterations: 149
Final residual: 4.68143e-19
#********** Performance Summary (times in sec) ***********
Time Summary:
  Total: 2.6602
  DDOT: 0.2119
  WAXPBY: 0.4370
  SPARSEMV: 1.9003
FLOPS Summary:
  Total: 39996882944
  DDOT: 2499805184
  WAXPBY: 3749707776
  SPARSEMV: 33747369984
MFLOPS Summary:
  Total: 15035.3426
  DDOT: 11796.4305
  WAXPBY: 8581.5292
  SPARSEMV: 17758.5865
DDOT Timing Variations:
  Min DDOT MPI_Allreduce time: 0.0210
  Max DDOT MPI_Allreduce time: 0.1347
  Avg DDOT MPI_Allreduce time: 1.3195
SPARSEMV OVERHEADS:
  SPARSEMV MFLOPS W OVERHEAD: 3928.0111
  SPARSEMV PARALLEL OVERHEAD Time: 6.6911
  SPARSEMV PARALLEL OVERHEAD Pct: 77.8811
  SPARSEMV PARALLEL OVERHEAD Setup Time: 1.8463
  SPARSEMV PARALLEL OVERHEAD Setup Pct: 21.4900
  SPARSEMV PARALLEL OVERHEAD Bdry Exch Time: 4.8448
  SPARSEMV PARALLEL OVERHEAD Bdry Exch Pct: 56.3911
Difference between computed and exact = 6.43929e-15.
real 6.03
user 40.75
sys 1.98
