===== CONFIGURATION =====
=== MODULE LOADS ===
=== CPU ARCHITECTURE ===
Architecture:        x86_64
CPU op-mode(s):      32-bit, 64-bit
Byte Order:          Little Endian
CPU(s):              48
On-line CPU(s) list: 0-47
Thread(s) per core:  1
Core(s) per socket:  24
Socket(s):           2
NUMA node(s):        4
Vendor ID:           GenuineIntel
CPU family:          6
Model:               85
Model name:          Intel(R) Xeon(R) Platinum 8268 CPU @ 2.90GHz
Stepping:            7
CPU MHz:             2978.695
BogoMIPS:            5800.00
Virtualization:      VT-x
L1d cache:           32K
L1i cache:           32K
L2 cache:            1024K
L3 cache:            36608K
NUMA node0 CPU(s):   0,4,8,12,16,20,24,28,32,40,44,46
NUMA node1 CPU(s):   1,5,9,13,17,21,25,29,33,37,41,45
NUMA node2 CPU(s):   2,6,10,14,18,22,26,30,34,36,38,42
NUMA node3 CPU(s):   3,7,11,15,19,23,27,31,35,39,43,47
Flags:               fpu vme de pse tsc msr pae mce cx8 apic sep mtrr pge mca cmov pat pse36 clflush dts acpi mmx fxsr sse sse2 ss ht tm pbe syscall nx pdpe1gb rdtscp lm constant_tsc art arch_perfmon pebs bts rep_good nopl xtopology nonstop_tsc cpuid aperfmperf pni pclmulqdq dtes64 monitor ds_cpl vmx smx est tm2 ssse3 sdbg fma cx16 xtpr pdcm pcid dca sse4_1 sse4_2 x2apic movbe popcnt tsc_deadline_timer aes xsave avx f16c rdrand lahf_lm abm 3dnowprefetch cpuid_fault epb cat_l3 cdp_l3 invpcid_single intel_ppin ssbd mba ibrs ibpb stibp ibrs_enhanced fsgsbase tsc_adjust bmi1 hle avx2 smep bmi2 erms invpcid cqm mpx rdt_a avx512f avx512dq rdseed adx smap clflushopt clwb intel_pt avx512cd avx512bw avx512vl xsaveopt xsavec xgetbv1 xsaves cqm_llc cqm_occup_llc cqm_mbm_total cqm_mbm_local dtherm ida arat pln pts pku ospke avx512_vnni md_clear flush_l1d arch_capabilities
=== SLURM CONFIG ===
JobId=798519 JobName=rust-mpiei97cbov.sbatch
   UserId=csuxvf(18094) GroupId=csuxvf(18094) MCS_label=N/A
   Priority=759196 Nice=0 Account=dcsug QOS=dcsug
   JobState=RUNNING Reason=None Dependency=(null)
   Requeue=1 Restarts=0 BatchFlag=1 Reboot=0 ExitCode=0:0
   RunTime=00:00:09 TimeLimit=00:10:00 TimeMin=N/A
   SubmitTime=2024-04-12T22:30:32 EligibleTime=2024-04-12T22:30:32
   AccrueTime=2024-04-12T22:30:32
   StartTime=2024-04-12T22:30:57 EndTime=2024-04-12T22:40:57 Deadline=N/A
   SuspendTime=None SecsPreSuspend=0 LastSchedEval=2024-04-12T22:30:57
   Partition=compute AllocNode:Sid=login01:1212000
   ReqNodeList=(null) ExcNodeList=(null)
   NodeList=node[061,064]
   BatchHost=node061
   NumNodes=2 NumCPUs=16 NumTasks=16 CPUs/Task=1 ReqB:S:C:T=0:0:*:*
   TRES=cpu=16,mem=80000M,node=2,billing=16
   Socks/Node=* NtasksPerN:B:S:C=0:0:*:* CoreSpec=*
   MinCPUsNode=1 MinMemoryNode=40000M MinTmpDiskNode=0
   Features=(null) DelayBoot=00:00:00
   OverSubscribe=MCS Contiguous=0 Licenses=(null) Network=(null)
   Command=/gpfs/home/dcs/csuxvf/Desktop/hpccg-rs/hpc-multibench/rust-mpiei97cbov.sbatch
   WorkDir=/gpfs/home/dcs/csuxvf/Desktop/hpccg-rs/hpc-multibench
   StdErr=/gpfs/home/dcs/csuxvf/Desktop/hpccg-rs/hpc-multibench/results/strong-scaling-message-passing/rust-mpi__798519.out
   StdIn=/dev/null
   StdOut=/gpfs/home/dcs/csuxvf/Desktop/hpccg-rs/hpc-multibench/results/strong-scaling-message-passing/rust-mpi__798519.out
   Power=
   NtasksPerTRES:0

=== RUN INSTANTIATION ===
{args: 64 64 1024, sbatch_config: {ntasks: 1, nodes: 1}}

===== BUILD =====
   Compiling rustix v0.38.31
   Compiling syn v2.0.48
   Compiling nom v7.1.3
   Compiling regex-automata v0.4.5
   Compiling clang-sys v1.7.0
   Compiling libc v0.2.153
   Compiling autocfg v1.1.0
   Compiling libffi-sys v2.3.0
   Compiling memoffset v0.9.0
   Compiling which v4.4.2
   Compiling prettyplease v0.2.16
   Compiling regex v1.10.3
   Compiling cexpr v0.6.0
   Compiling thiserror v1.0.57
   Compiling bindgen v0.68.1
   Compiling mpi v0.7.0
   Compiling custom_derive v0.1.7
   Compiling once_cell v1.19.0
   Compiling thiserror-impl v1.0.57
   Compiling conv v0.3.3
   Compiling mpi-derive v0.1.1
   Compiling smallvec v1.13.1
   Compiling mpi-sys v0.2.1
error: failed to run custom build command for `libffi-sys v2.3.0`

Caused by:
  process didn't exit successfully: `/gpfs/home/dcs/csuxvf/Desktop/hpccg-rs/7_mpi/target/release/build/libffi-sys-8e559ce4ca4e2ad8/build-script-build` (exit status: 101)
  --- stderr
  thread 'main' panicked at /home/dcs/csuxvf/.cargo/registry/src/index.crates.io-6f17d22bba15001f/libffi-sys-2.3.0/build/not_msvc.rs:13:9:
  assertion `left == right` failed: can't remove the build directory: Directory not empty (os error 39)
    left: DirectoryNotEmpty
   right: NotFound
  note: run with `RUST_BACKTRACE=1` environment variable to display a backtrace
warning: build failed, waiting for other jobs to finish...

===== RUN =====
Initial Residual = +2.20663e4
Iteration = 15 , Residual = +2.84800e2
Iteration = 30 , Residual = +1.59119e0
Iteration = 45 , Residual = +3.00547e-3
Iteration = 60 , Residual = +2.22431e-5
Iteration = 75 , Residual = +9.11233e-8
Iteration = 90 , Residual = +3.79121e-10
Iteration = 105 , Residual = +2.13203e-12
Iteration = 120 , Residual = +1.31175e-14
Iteration = 135 , Residual = +8.74595e-17
Iteration = 149 , Residual = +6.31149e-19
Mini-Application Name: hpccg
Mini-Application Version: 1.0
Parallelism:
  Number of MPI ranks: 16
  Rayon disabled
Dimensions:
  nx: 64
  ny: 64
  nz: 1024
Number of iterations: 149
Final residual: 6.31149e-19
#********** Performance Summary (times in sec) ***********
Time Summary:
  Total: 53.8456
  DDOT: 13.6194
  WAXPBY: 5.5733
  SPARSEMV: 34.5241
FLOPS Summary:
  Total: 639950127104
  DDOT: 39996882944
  WAXPBY: 59995324416
  SPARSEMV: 539957919744
MFLOPS Summary:
  Total: 11884.9185
  DDOT: 2936.7639
  WAXPBY: 10764.7429
  SPARSEMV: 15640.0438
DDOT Timing Variations:
  Min DDOT MPI_Allreduce time: 0.1449
  Max DDOT MPI_Allreduce time: 21.3203
  Avg DDOT MPI_Allreduce time: 140.7399
SPARSEMV OVERHEADS:
  SPARSEMV MFLOPS W OVERHEAD: 5921.2680
  SPARSEMV PARALLEL OVERHEAD Time: 56.6655
  SPARSEMV PARALLEL OVERHEAD Pct: 62.1403
  SPARSEMV PARALLEL OVERHEAD Setup Time: 1.0811
  SPARSEMV PARALLEL OVERHEAD Setup Pct: 1.1856
  SPARSEMV PARALLEL OVERHEAD Bdry Exch Time: 55.5844
  SPARSEMV PARALLEL OVERHEAD Bdry Exch Pct: 60.9548
Difference between computed and exact = 4.88498e-15.
real 64.64
user 448.74
sys 50.18
