===== CONFIGURATION =====
=== MODULE LOADS ===
=== CPU ARCHITECTURE ===
Architecture:        x86_64
CPU op-mode(s):      32-bit, 64-bit
Byte Order:          Little Endian
CPU(s):              48
On-line CPU(s) list: 0-47
Thread(s) per core:  1
Core(s) per socket:  24
Socket(s):           2
NUMA node(s):        4
Vendor ID:           GenuineIntel
CPU family:          6
Model:               85
Model name:          Intel(R) Xeon(R) Platinum 8268 CPU @ 2.90GHz
Stepping:            7
CPU MHz:             3499.999
BogoMIPS:            5800.00
Virtualization:      VT-x
L1d cache:           32K
L1i cache:           32K
L2 cache:            1024K
L3 cache:            36608K
NUMA node0 CPU(s):   0,4,8,12,16,20,24,28,32,36,40,44
NUMA node1 CPU(s):   1,5,9,13,17,21,25,29,33,37,41,45
NUMA node2 CPU(s):   2,6,10,14,18,22,26,30,34,38,42,46
NUMA node3 CPU(s):   3,7,11,15,19,23,27,31,35,39,43,47
Flags:               fpu vme de pse tsc msr pae mce cx8 apic sep mtrr pge mca cmov pat pse36 clflush dts acpi mmx fxsr sse sse2 ss ht tm pbe syscall nx pdpe1gb rdtscp lm constant_tsc art arch_perfmon pebs bts rep_good nopl xtopology nonstop_tsc cpuid aperfmperf pni pclmulqdq dtes64 monitor ds_cpl vmx smx est tm2 ssse3 sdbg fma cx16 xtpr pdcm pcid dca sse4_1 sse4_2 x2apic movbe popcnt tsc_deadline_timer aes xsave avx f16c rdrand lahf_lm abm 3dnowprefetch cpuid_fault epb cat_l3 cdp_l3 invpcid_single intel_ppin ssbd mba ibrs ibpb stibp ibrs_enhanced fsgsbase tsc_adjust bmi1 hle avx2 smep bmi2 erms invpcid cqm mpx rdt_a avx512f avx512dq rdseed adx smap clflushopt clwb intel_pt avx512cd avx512bw avx512vl xsaveopt xsavec xgetbv1 xsaves cqm_llc cqm_occup_llc cqm_mbm_total cqm_mbm_local dtherm ida arat pln pts pku ospke avx512_vnni md_clear flush_l1d arch_capabilities
=== SLURM CONFIG ===
JobId=799055 JobName=cpp-openmp_xb3wt7o.sbatch
   UserId=csuxvf(18094) GroupId=csuxvf(18094) MCS_label=N/A
   Priority=759197 Nice=0 Account=dcsug QOS=dcsug
   JobState=RUNNING Reason=None Dependency=(null)
   Requeue=1 Restarts=0 BatchFlag=1 Reboot=0 ExitCode=0:0
   RunTime=00:00:03 TimeLimit=00:10:00 TimeMin=N/A
   SubmitTime=2024-04-12T23:24:03 EligibleTime=2024-04-13T00:55:20
   AccrueTime=2024-04-13T00:55:20
   StartTime=2024-04-13T01:24:59 EndTime=2024-04-13T01:34:59 Deadline=N/A
   SuspendTime=None SecsPreSuspend=0 LastSchedEval=2024-04-13T01:24:59
   Partition=compute AllocNode:Sid=login01:1212000
   ReqNodeList=(null) ExcNodeList=(null)
   NodeList=node017
   BatchHost=node017
   NumNodes=1 NumCPUs=32 NumTasks=1 CPUs/Task=32 ReqB:S:C:T=0:0:*:*
   TRES=cpu=32,mem=40000M,node=1,billing=32
   Socks/Node=* NtasksPerN:B:S:C=1:0:*:* CoreSpec=*
   MinCPUsNode=32 MinMemoryNode=40000M MinTmpDiskNode=0
   Features=(null) DelayBoot=00:00:00
   OverSubscribe=MCS Contiguous=0 Licenses=(null) Network=(null)
   Command=/gpfs/home/dcs/csuxvf/Desktop/hpccg-rs/hpc-multibench/cpp-openmp_xb3wt7o.sbatch
   WorkDir=/gpfs/home/dcs/csuxvf/Desktop/hpccg-rs/hpc-multibench
   StdErr=/gpfs/home/dcs/csuxvf/Desktop/hpccg-rs/hpc-multibench/results/cpp-kokkos-rust-parallel/cpp-openmp__799055.out
   StdIn=/dev/null
   StdOut=/gpfs/home/dcs/csuxvf/Desktop/hpccg-rs/hpc-multibench/results/cpp-kokkos-rust-parallel/cpp-openmp__799055.out
   Power=
   NtasksPerTRES:0

=== RUN INSTANTIATION ===
{args: 50 50 50}

===== BUILD =====
run configuration was pre-built

===== RUN =====
Initial Residual = 1282.05
Iteration = 15   Residual = 13.8315
Iteration = 30   Residual = 0.0335846
Iteration = 45   Residual = 4.89172e-05
Iteration = 60   Residual = 1.81391e-08
Iteration = 75   Residual = 1.11558e-11
Iteration = 90   Residual = 1.36991e-15
Iteration = 105   Residual = 1.20747e-18
Iteration = 120   Residual = 1.55769e-22
Iteration = 135   Residual = 3.92099e-25
Iteration = 149   Residual = 1.67427e-28
Mini-Application Name: hpccg
Mini-Application Version: 1.0
Parallelism: 
  MPI not enabled: 
  Number of OpenMP threads: 32
Dimensions: 
  nx: 50
  ny: 50
  nz: 50
Number of iterations: 149
Final residual: 1.67427e-28
#********** Performance Summary (times in sec) ***********: 
Time Summary: 
  Total   : 143.979
  DDOT    : 48.557
  WAXPBY  : 71.3739
  SPARSEMV: 23.9218
FLOPS Summary: 
  Total   : 1.192e+09
  DDOT    : 7.45e+07
  WAXPBY  : 1.1175e+08
  SPARSEMV: 1.00575e+09
MFLOPS Summary: 
  Total   : 8.27898
  DDOT    : 1.53428
  WAXPBY  : 1.5657
  SPARSEMV: 42.0432
real 5.64
user 144.14
sys 0.10
