===== CONFIGURATION =====
=== MODULE LOADS ===
=== ENVIRONMENT VARIABLES ===
OMP_NUM_THREADS=2
=== CPU ARCHITECTURE ===
Architecture:        x86_64
CPU op-mode(s):      32-bit, 64-bit
Byte Order:          Little Endian
CPU(s):              48
On-line CPU(s) list: 0-47
Thread(s) per core:  1
Core(s) per socket:  24
Socket(s):           2
NUMA node(s):        4
Vendor ID:           GenuineIntel
CPU family:          6
Model:               85
Model name:          Intel(R) Xeon(R) Platinum 8268 CPU @ 2.90GHz
Stepping:            7
CPU MHz:             2600.000
BogoMIPS:            5800.00
Virtualization:      VT-x
L1d cache:           32K
L1i cache:           32K
L2 cache:            1024K
L3 cache:            36608K
NUMA node0 CPU(s):   0,4,8,12,16,20,24,28,32,40,44,46
NUMA node1 CPU(s):   1,5,9,13,17,21,25,29,33,37,41,45
NUMA node2 CPU(s):   2,6,10,14,18,22,26,30,34,36,38,42
NUMA node3 CPU(s):   3,7,11,15,19,23,27,31,35,39,43,47
Flags:               fpu vme de pse tsc msr pae mce cx8 apic sep mtrr pge mca cmov pat pse36 clflush dts acpi mmx fxsr sse sse2 ss ht tm pbe syscall nx pdpe1gb rdtscp lm constant_tsc art arch_perfmon pebs bts rep_good nopl xtopology nonstop_tsc cpuid aperfmperf pni pclmulqdq dtes64 monitor ds_cpl vmx smx est tm2 ssse3 sdbg fma cx16 xtpr pdcm pcid dca sse4_1 sse4_2 x2apic movbe popcnt tsc_deadline_timer aes xsave avx f16c rdrand lahf_lm abm 3dnowprefetch cpuid_fault epb cat_l3 cdp_l3 invpcid_single intel_ppin ssbd mba ibrs ibpb stibp ibrs_enhanced fsgsbase tsc_adjust bmi1 hle avx2 smep bmi2 erms invpcid cqm mpx rdt_a avx512f avx512dq rdseed adx smap clflushopt clwb intel_pt avx512cd avx512bw avx512vl xsaveopt xsavec xgetbv1 xsaves cqm_llc cqm_occup_llc cqm_mbm_total cqm_mbm_local dtherm ida arat pln pts pku ospke avx512_vnni md_clear flush_l1d arch_capabilities
=== SLURM CONFIG ===
JobId=799338 JobName=cpp-hybridyruit5u5.sbatch
   UserId=csuxvf(18094) GroupId=csuxvf(18094) MCS_label=N/A
   Priority=759195 Nice=0 Account=dcsug QOS=dcsug
   JobState=RUNNING Reason=None Dependency=(null)
   Requeue=1 Restarts=0 BatchFlag=1 Reboot=0 ExitCode=0:0
   RunTime=00:00:03 TimeLimit=00:10:00 TimeMin=N/A
   SubmitTime=2024-04-13T00:55:26 EligibleTime=2024-04-13T00:57:57
   AccrueTime=2024-04-13T00:57:57
   StartTime=2024-04-13T01:09:58 EndTime=2024-04-13T01:19:58 Deadline=N/A
   SuspendTime=None SecsPreSuspend=0 LastSchedEval=2024-04-13T01:09:58
   Partition=compute AllocNode:Sid=login01:1212000
   ReqNodeList=(null) ExcNodeList=(null)
   NodeList=node061
   BatchHost=node061
   NumNodes=1 NumCPUs=16 NumTasks=8 CPUs/Task=2 ReqB:S:C:T=0:0:*:*
   TRES=cpu=16,mem=40000M,node=1,billing=16
   Socks/Node=* NtasksPerN:B:S:C=0:0:*:* CoreSpec=*
   MinCPUsNode=2 MinMemoryNode=40000M MinTmpDiskNode=0
   Features=(null) DelayBoot=00:00:00
   OverSubscribe=MCS Contiguous=0 Licenses=(null) Network=(null)
   Command=/gpfs/home/dcs/csuxvf/Desktop/hpccg-rs/hpc-multibench/cpp-hybridyruit5u5.sbatch
   WorkDir=/gpfs/home/dcs/csuxvf/Desktop/hpccg-rs/hpc-multibench
   StdErr=/gpfs/home/dcs/csuxvf/Desktop/hpccg-rs/hpc-multibench/results/strong-scaling-single-node/cpp-hybrid__799338.out
   StdIn=/dev/null
   StdOut=/gpfs/home/dcs/csuxvf/Desktop/hpccg-rs/hpc-multibench/results/strong-scaling-single-node/cpp-hybrid__799338.out
   Power=
   NtasksPerTRES:0

=== RUN INSTANTIATION ===
{args: 64 64 512, sbatch_config: {nodes: 1, ntasks: 2}}

===== BUILD =====
run configuration was pre-built

===== RUN =====
Initial Residual = 11061.6
Iteration = 15   Residual = 142.687
Iteration = 30   Residual = 0.798216
Iteration = 45   Residual = 0.00186044
Iteration = 60   Residual = 1.22973e-05
Iteration = 75   Residual = 5.22963e-08
Iteration = 90   Residual = 3.07354e-10
Iteration = 105   Residual = 1.89238e-12
Iteration = 120   Residual = 1.01888e-14
Iteration = 135   Residual = 6.76759e-17
Iteration = 149   Residual = 5.58897e-19
Mini-Application Name: hpccg
Mini-Application Version: 1.0
Parallelism: 
  Number of MPI ranks: 8
  Number of OpenMP threads: 2
Dimensions: 
  nx: 64
  ny: 64
  nz: 512
Number of iterations: 149
Final residual: 5.58897e-19
#********** Performance Summary (times in sec) ***********: 
Time Summary: 
  Total   : 20.4759
  DDOT    : 1.21321
  WAXPBY  : 3.35526
  SPARSEMV: 15.8885
FLOPS Summary: 
  Total   : 1.59988e+11
  DDOT    : 9.99922e+09
  WAXPBY  : 1.49988e+10
  SPARSEMV: 1.34989e+11
MFLOPS Summary: 
  Total   : 7813.46
  DDOT    : 8241.96
  WAXPBY  : 4470.24
  SPARSEMV: 8496.03
DDOT Timing Variations: 
  Min DDOT MPI_Allreduce time: 0.0807666
  Max DDOT MPI_Allreduce time: 0.235304
  Avg DDOT MPI_Allreduce time: 0.14411
SPARSEMV OVERHEADS: 
  SPARSEMV MFLOPS W OVERHEAD: 7995.25
  SPARSEMV PARALLEL OVERHEAD Time: 0.995182
  SPARSEMV PARALLEL OVERHEAD Pct: 5.89433
  SPARSEMV PARALLEL OVERHEAD Setup Time: 0.980501
  SPARSEMV PARALLEL OVERHEAD Setup Pct: 5.80737
  SPARSEMV PARALLEL OVERHEAD Bdry Exch Time: 0.0146818
  SPARSEMV PARALLEL OVERHEAD Bdry Exch Pct: 0.0869585
real 23.53
user 175.38
sys 3.72
