===== CONFIGURATION =====
=== MODULE LOADS ===
=== CPU ARCHITECTURE ===
Architecture:        x86_64
CPU op-mode(s):      32-bit, 64-bit
Byte Order:          Little Endian
CPU(s):              48
On-line CPU(s) list: 0-47
Thread(s) per core:  1
Core(s) per socket:  24
Socket(s):           2
NUMA node(s):        4
Vendor ID:           GenuineIntel
CPU family:          6
Model:               85
Model name:          Intel(R) Xeon(R) Platinum 8268 CPU @ 2.90GHz
Stepping:            7
CPU MHz:             2599.999
BogoMIPS:            5800.00
Virtualization:      VT-x
L1d cache:           32K
L1i cache:           32K
L2 cache:            1024K
L3 cache:            36608K
NUMA node0 CPU(s):   0,4,8,12,16,20,24,28,32,36,40,44
NUMA node1 CPU(s):   1,5,9,13,17,21,25,29,33,37,41,45
NUMA node2 CPU(s):   2,6,10,14,18,22,26,30,34,38,42,46
NUMA node3 CPU(s):   3,7,11,15,19,23,27,31,35,39,43,47
Flags:               fpu vme de pse tsc msr pae mce cx8 apic sep mtrr pge mca cmov pat pse36 clflush dts acpi mmx fxsr sse sse2 ss ht tm pbe syscall nx pdpe1gb rdtscp lm constant_tsc art arch_perfmon pebs bts rep_good nopl xtopology nonstop_tsc cpuid aperfmperf pni pclmulqdq dtes64 monitor ds_cpl vmx smx est tm2 ssse3 sdbg fma cx16 xtpr pdcm pcid dca sse4_1 sse4_2 x2apic movbe popcnt tsc_deadline_timer aes xsave avx f16c rdrand lahf_lm abm 3dnowprefetch cpuid_fault epb cat_l3 cdp_l3 invpcid_single intel_ppin ssbd mba ibrs ibpb stibp ibrs_enhanced fsgsbase tsc_adjust bmi1 hle avx2 smep bmi2 erms invpcid cqm mpx rdt_a avx512f avx512dq rdseed adx smap clflushopt clwb intel_pt avx512cd avx512bw avx512vl xsaveopt xsavec xgetbv1 xsaves cqm_llc cqm_occup_llc cqm_mbm_total cqm_mbm_local dtherm ida arat pln pts pku ospke avx512_vnni md_clear flush_l1d arch_capabilities
=== SLURM CONFIG ===
JobId=808478 JobName=cpp-mpiu457wbuc.sbatch
   UserId=csuxvf(18094) GroupId=csuxvf(18094) MCS_label=N/A
   Priority=389836 Nice=0 Account=dcsug QOS=dcsug
   JobState=RUNNING Reason=None Dependency=(null)
   Requeue=1 Restarts=0 BatchFlag=1 Reboot=0 ExitCode=0:0
   RunTime=00:00:08 TimeLimit=00:10:00 TimeMin=N/A
   SubmitTime=2024-04-22T14:10:07 EligibleTime=2024-04-22T14:15:04
   AccrueTime=2024-04-22T14:15:04
   StartTime=2024-04-22T14:48:32 EndTime=2024-04-22T14:58:32 Deadline=N/A
   SuspendTime=None SecsPreSuspend=0 LastSchedEval=2024-04-22T14:48:32
   Partition=compute AllocNode:Sid=login01:2307115
   ReqNodeList=(null) ExcNodeList=(null)
   NodeList=node[038,040]
   BatchHost=node038
   NumNodes=2 NumCPUs=16 NumTasks=8 CPUs/Task=2 ReqB:S:C:T=0:0:*:*
   TRES=cpu=16,mem=80000M,node=2,billing=16
   Socks/Node=* NtasksPerN:B:S:C=4:0:*:* CoreSpec=*
   MinCPUsNode=8 MinMemoryNode=40000M MinTmpDiskNode=0
   Features=(null) DelayBoot=00:00:00
   OverSubscribe=MCS Contiguous=0 Licenses=(null) Network=(null)
   Command=/gpfs/home/dcs/csuxvf/Desktop/hpc-multibench/cpp-mpiu457wbuc.sbatch
   WorkDir=/gpfs/home/dcs/csuxvf/Desktop/hpc-multibench
   StdErr=/gpfs/home/dcs/csuxvf/Desktop/hpc-multibench/results/mpi/cpp-mpi__808478.out
   StdIn=/dev/null
   StdOut=/gpfs/home/dcs/csuxvf/Desktop/hpc-multibench/results/mpi/cpp-mpi__808478.out
   Power=
   NtasksPerTRES:0

=== RUN INSTANTIATION ===
{args: 300 300 300, sbatch_config: {nodes: 2, ntasks-per-node: 1}}

===== BUILD =====
run configuration was pre-built

===== RUN =====
[node040:538790:0:538790]      cma_ep.c:81   process_vm_readv(pid=538791 {0x14cb6db13290,360000}-->{0x151f1854d010,360000}) returned -1: No such process
==== backtrace (tid: 538790) ====
 0 0x00000000000037eb uct_cma_ep_tx_error()  /gpfs/home/csc/pfsrqd/easybuild/build/UCX/1.12.1/GCCcore-11.3.0/ucx-1.12.1/src/uct/sm/scopy/cma/cma_ep.c:81
 1 0x0000000000003b16 uct_cma_ep_tx()  /gpfs/home/csc/pfsrqd/easybuild/build/UCX/1.12.1/GCCcore-11.3.0/ucx-1.12.1/src/uct/sm/scopy/cma/cma_ep.c:114
 2 0x000000000001b4d5 uct_scopy_ep_progress_tx()  /gpfs/home/csc/pfsrqd/easybuild/build/UCX/1.12.1/GCCcore-11.3.0/ucx-1.12.1/src/uct/sm/scopy/base/scopy_ep.c:151
 3 0x000000000001fa32 ucs_arbiter_dispatch_nonempty()  /gpfs/home/csc/pfsrqd/easybuild/build/UCX/1.12.1/GCCcore-11.3.0/ucx-1.12.1/src/ucs/datastruct/arbiter.c:321
 4 0x000000000001b019 ucs_arbiter_dispatch()  /gpfs/home/csc/pfsrqd/easybuild/build/UCX/1.12.1/GCCcore-11.3.0/ucx-1.12.1/src/ucs/datastruct/arbiter.h:386
 5 0x00000000000201f3 ucs_callbackq_slow_proxy()  /gpfs/home/csc/pfsrqd/easybuild/build/UCX/1.12.1/GCCcore-11.3.0/ucx-1.12.1/src/ucs/datastruct/callbackq.c:404
 6 0x000000000003764a ucs_callbackq_dispatch()  /gpfs/home/csc/pfsrqd/easybuild/build/UCX/1.12.1/GCCcore-11.3.0/ucx-1.12.1/src/ucs/datastruct/callbackq.h:211
 7 0x000000000003764a uct_worker_progress()  /gpfs/home/csc/pfsrqd/easybuild/build/UCX/1.12.1/GCCcore-11.3.0/ucx-1.12.1/src/uct/api/uct.h:2589
 8 0x000000000003764a ucp_worker_progress()  /gpfs/home/csc/pfsrqd/easybuild/build/UCX/1.12.1/GCCcore-11.3.0/ucx-1.12.1/src/ucp/core/ucp_worker.c:2636
 9 0x0000000000006abe mca_pml_ucx_send()  ???:0
10 0x0000000000087bbb MPI_Send()  ???:0
11 0x0000000000409eb5 exchange_externals()  /gpfs/home/dcs/csuxvf/Desktop/hpc-multibench/generated_results/hpccg-rs-avon-results/hpccg-rs/0_cpp_versions/2_mpi/exchange_externals.cpp:109
12 0x000000000040780e HPCCG()  /gpfs/home/dcs/csuxvf/Desktop/hpc-multibench/generated_results/hpccg-rs-avon-results/hpccg-rs/0_cpp_versions/2_mpi/HPCCG.cpp:109
13 0x00000000004047e3 main()  /gpfs/home/dcs/csuxvf/Desktop/hpc-multibench/generated_results/hpccg-rs-avon-results/hpccg-rs/0_cpp_versions/2_mpi/main.cpp:178
14 0x0000000000023493 __libc_start_main()  ???:0
15 0x000000000040658e _start()  ???:0
=================================
[node040:538790] *** Process received signal ***
[node040:538790] Signal: Aborted (6)
[node040:538790] Signal code:  (-6)
[node040:538790] [ 0] /lib64/libc.so.6(+0x37400)[0x14d1ef8ac400]
[node040:538790] [ 1] /lib64/libc.so.6(gsignal+0x10f)[0x14d1ef8ac37f]
[node040:538790] [ 2] /lib64/libc.so.6(abort+0x127)[0x14d1ef896db5]
[node040:538790] [ 3] /scrtp/avon/eb/software/UCX/1.12.1-GCCcore-11.3.0/lib/libucs.so.0(+0x261fb)[0x14d1ed58a1fb]
[node040:538790] [ 4] /scrtp/avon/eb/software/UCX/1.12.1-GCCcore-11.3.0/lib/libucs.so.0(ucs_log_default_handler+0x7c7)[0x14d1ed58e347]
[node040:538790] [ 5] /scrtp/avon/eb/software/UCX/1.12.1-GCCcore-11.3.0/lib/libucs.so.0(ucs_log_dispatch+0xd3)[0x14d1ed58e4c3]
[node040:538790] [ 6] /scrtp/avon/eb/software/UCX/1.12.1-GCCcore-11.3.0/lib/ucx/libuct_cma.so.0(+0x37eb)[0x14d1ed3207eb]
[node040:538790] [ 7] /scrtp/avon/eb/software/UCX/1.12.1-GCCcore-11.3.0/lib/ucx/libuct_cma.so.0(uct_cma_ep_tx+0x186)[0x14d1ed320b16]
[node040:538790] [ 8] /scrtp/avon/eb/software/UCX/1.12.1-GCCcore-11.3.0/lib/libuct.so.0(uct_scopy_ep_progress_tx+0x55)[0x14d1ed5d64d5]
[node040:538790] [ 9] /scrtp/avon/eb/software/UCX/1.12.1-GCCcore-11.3.0/lib/libucs.so.0(ucs_arbiter_dispatch_nonempty+0xa2)[0x14d1ed583a32]
[node040:538790] [10] /scrtp/avon/eb/software/UCX/1.12.1-GCCcore-11.3.0/lib/libuct.so.0(uct_scopy_iface_progress+0x59)[0x14d1ed5d6019]
[node040:538790] [11] /scrtp/avon/eb/software/UCX/1.12.1-GCCcore-11.3.0/lib/libucs.so.0(+0x201f3)[0x14d1ed5841f3]
[node040:538790] [12] /scrtp/avon/eb/software/UCX/1.12.1-GCCcore-11.3.0/lib/libucp.so.0(ucp_worker_progress+0x5a)[0x14d1ed62a64a]
[node040:538790] [13] /scrtp/avon/eb/software/OpenMPI/4.1.4-GCC-11.3.0/lib/openmpi/mca_pml_ucx.so(mca_pml_ucx_send+0x14e)[0x14d1ed6a6abe]
[node040:538790] [14] /scrtp/avon/eb/software/OpenMPI/4.1.4-GCC-11.3.0/lib/libmpi.so.40(PMPI_Send+0x11b)[0x14d1f035ebbb]
[node040:538790] [15] ./test_HPCCG[0x409eb5]
[node040:538790] [16] ./test_HPCCG[0x40780e]
[node040:538790] [17] ./test_HPCCG[0x4047e3]
[node040:538790] [18] /lib64/libc.so.6(__libc_start_main+0xf3)[0x14d1ef898493]
[node040:538790] [19] ./test_HPCCG[0x40658e]
[node040:538790] *** End of error message ***
--------------------------------------------------------------------------
Primary job  terminated normally, but 1 process returned
a non-zero exit code. Per user-direction, the job has been aborted.
--------------------------------------------------------------------------
--------------------------------------------------------------------------
mpirun noticed that process rank 6 with PID 538791 on node node040 exited on signal 9 (Killed).
--------------------------------------------------------------------------
real 11.21
user 21.77
sys 12.65
slurmstepd: error: Detected 1 oom-kill event(s) in StepId=808478.batch cgroup. Some of your processes may have been killed by the cgroup out-of-memory handler.
