===== CONFIGURATION =====
=== MODULE LOADS ===
=== CPU ARCHITECTURE ===
Architecture:        x86_64
CPU op-mode(s):      32-bit, 64-bit
Byte Order:          Little Endian
CPU(s):              48
On-line CPU(s) list: 0-47
Thread(s) per core:  1
Core(s) per socket:  24
Socket(s):           2
NUMA node(s):        4
Vendor ID:           GenuineIntel
CPU family:          6
Model:               85
Model name:          Intel(R) Xeon(R) Platinum 8268 CPU @ 2.90GHz
Stepping:            7
CPU MHz:             2600.000
BogoMIPS:            5800.00
Virtualization:      VT-x
L1d cache:           32K
L1i cache:           32K
L2 cache:            1024K
L3 cache:            36608K
NUMA node0 CPU(s):   0,4,8,12,16,20,24,28,32,40,44,46
NUMA node1 CPU(s):   1,5,9,13,17,21,25,29,33,37,41,45
NUMA node2 CPU(s):   2,6,10,14,18,22,26,30,34,36,38,42
NUMA node3 CPU(s):   3,7,11,15,19,23,27,31,35,39,43,47
Flags:               fpu vme de pse tsc msr pae mce cx8 apic sep mtrr pge mca cmov pat pse36 clflush dts acpi mmx fxsr sse sse2 ss ht tm pbe syscall nx pdpe1gb rdtscp lm constant_tsc art arch_perfmon pebs bts rep_good nopl xtopology nonstop_tsc cpuid aperfmperf pni pclmulqdq dtes64 monitor ds_cpl vmx smx est tm2 ssse3 sdbg fma cx16 xtpr pdcm pcid dca sse4_1 sse4_2 x2apic movbe popcnt tsc_deadline_timer aes xsave avx f16c rdrand lahf_lm abm 3dnowprefetch cpuid_fault epb cat_l3 cdp_l3 invpcid_single intel_ppin ssbd mba ibrs ibpb stibp ibrs_enhanced fsgsbase tsc_adjust bmi1 hle avx2 smep bmi2 erms invpcid cqm mpx rdt_a avx512f avx512dq rdseed adx smap clflushopt clwb intel_pt avx512cd avx512bw avx512vl xsaveopt xsavec xgetbv1 xsaves cqm_llc cqm_occup_llc cqm_mbm_total cqm_mbm_local dtherm ida arat pln pts pku ospke avx512_vnni md_clear flush_l1d arch_capabilities
=== SLURM CONFIG ===
JobId=798845 JobName=cpp-mpi5r77ny8l.sbatch
   UserId=csuxvf(18094) GroupId=csuxvf(18094) MCS_label=N/A
   Priority=759201 Nice=0 Account=dcsug QOS=dcsug
   JobState=RUNNING Reason=None Dependency=(null)
   Requeue=1 Restarts=0 BatchFlag=1 Reboot=0 ExitCode=0:0
   RunTime=00:00:03 TimeLimit=00:10:00 TimeMin=N/A
   SubmitTime=2024-04-12T23:23:51 EligibleTime=2024-04-12T23:24:27
   AccrueTime=2024-04-12T23:24:27
   StartTime=2024-04-12T23:25:57 EndTime=2024-04-12T23:35:57 Deadline=N/A
   SuspendTime=None SecsPreSuspend=0 LastSchedEval=2024-04-12T23:25:57
   Partition=compute AllocNode:Sid=login01:1212000
   ReqNodeList=(null) ExcNodeList=(null)
   NodeList=node[061,064,069-070]
   BatchHost=node061
   NumNodes=4 NumCPUs=16 NumTasks=8 CPUs/Task=2 ReqB:S:C:T=0:0:*:*
   TRES=cpu=16,mem=160000M,node=4,billing=16
   Socks/Node=* NtasksPerN:B:S:C=2:0:*:* CoreSpec=*
   MinCPUsNode=4 MinMemoryNode=40000M MinTmpDiskNode=0
   Features=(null) DelayBoot=00:00:00
   OverSubscribe=MCS Contiguous=0 Licenses=(null) Network=(null)
   Command=/gpfs/home/dcs/csuxvf/Desktop/hpccg-rs/hpc-multibench/cpp-mpi5r77ny8l.sbatch
   WorkDir=/gpfs/home/dcs/csuxvf/Desktop/hpccg-rs/hpc-multibench
   StdErr=/gpfs/home/dcs/csuxvf/Desktop/hpccg-rs/hpc-multibench/results/mpi/cpp-mpi__798845.out
   StdIn=/dev/null
   StdOut=/gpfs/home/dcs/csuxvf/Desktop/hpccg-rs/hpc-multibench/results/mpi/cpp-mpi__798845.out
   Power=
   NtasksPerTRES:0

=== RUN INSTANTIATION ===
{args: 50 50 50, sbatch_config: {nodes: 1, ntasks-per-node: 2}}

===== BUILD =====
run configuration was pre-built

===== RUN =====
Initial Residual = 3086.82
Iteration = 15   Residual = 36.982
Iteration = 30   Residual = 0.107689
Iteration = 45   Residual = 0.000641179
Iteration = 60   Residual = 2.86997e-06
Iteration = 75   Residual = 1.93242e-08
Iteration = 90   Residual = 1.00729e-10
Iteration = 105   Residual = 6.11314e-13
Iteration = 120   Residual = 3.0854e-15
Iteration = 135   Residual = 1.76972e-17
Iteration = 149   Residual = 1.45851e-19
Mini-Application Name: hpccg
Mini-Application Version: 1.0
Parallelism: 
  Number of MPI ranks: 8
  OpenMP not enabled: 
Dimensions: 
  nx: 50
  ny: 50
  nz: 50
Number of iterations: 149
Final residual: 1.45851e-19
#********** Performance Summary (times in sec) ***********: 
Time Summary: 
  Total   : 0.621843
  DDOT    : 0.0546729
  WAXPBY  : 0.0405386
  SPARSEMV: 0.520786
FLOPS Summary: 
  Total   : 9.536e+09
  DDOT    : 5.96e+08
  WAXPBY  : 8.94e+08
  SPARSEMV: 8.046e+09
MFLOPS Summary: 
  Total   : 15335.1
  DDOT    : 10901.2
  WAXPBY  : 22053
  SPARSEMV: 15449.7
DDOT Timing Variations: 
  Min DDOT MPI_Allreduce time: 0.00419684
  Max DDOT MPI_Allreduce time: 0.0374421
  Avg DDOT MPI_Allreduce time: 0.0185722
SPARSEMV OVERHEADS: 
  SPARSEMV MFLOPS W OVERHEAD: 4452.37
  SPARSEMV PARALLEL OVERHEAD Time: 1.28634
  SPARSEMV PARALLEL OVERHEAD Pct: 71.1815
  SPARSEMV PARALLEL OVERHEAD Setup Time: 1.28352
  SPARSEMV PARALLEL OVERHEAD Setup Pct: 71.0254
  SPARSEMV PARALLEL OVERHEAD Bdry Exch Time: 0.00282246
  SPARSEMV PARALLEL OVERHEAD Bdry Exch Pct: 0.156185
real 4.08
user 5.15
sys 0.35
