===== CONFIGURATION =====
=== MODULE LOADS ===
=== CPU ARCHITECTURE ===
Architecture:        x86_64
CPU op-mode(s):      32-bit, 64-bit
Byte Order:          Little Endian
CPU(s):              48
On-line CPU(s) list: 0-47
Thread(s) per core:  1
Core(s) per socket:  24
Socket(s):           2
NUMA node(s):        4
Vendor ID:           GenuineIntel
CPU family:          6
Model:               85
Model name:          Intel(R) Xeon(R) Platinum 8268 CPU @ 2.90GHz
Stepping:            7
CPU MHz:             3500.010
BogoMIPS:            5800.00
Virtualization:      VT-x
L1d cache:           32K
L1i cache:           32K
L2 cache:            1024K
L3 cache:            36608K
NUMA node0 CPU(s):   0,4,8,12,16,20,24,28,32,36,40,44
NUMA node1 CPU(s):   1,5,9,13,17,21,25,29,33,37,41,45
NUMA node2 CPU(s):   2,6,10,14,18,22,26,30,34,38,42,46
NUMA node3 CPU(s):   3,7,11,15,19,23,27,31,35,39,43,47
Flags:               fpu vme de pse tsc msr pae mce cx8 apic sep mtrr pge mca cmov pat pse36 clflush dts acpi mmx fxsr sse sse2 ss ht tm pbe syscall nx pdpe1gb rdtscp lm constant_tsc art arch_perfmon pebs bts rep_good nopl xtopology nonstop_tsc cpuid aperfmperf pni pclmulqdq dtes64 monitor ds_cpl vmx smx est tm2 ssse3 sdbg fma cx16 xtpr pdcm pcid dca sse4_1 sse4_2 x2apic movbe popcnt tsc_deadline_timer aes xsave avx f16c rdrand lahf_lm abm 3dnowprefetch cpuid_fault epb cat_l3 cdp_l3 invpcid_single intel_ppin ssbd mba ibrs ibpb stibp ibrs_enhanced fsgsbase tsc_adjust bmi1 hle avx2 smep bmi2 erms invpcid cqm mpx rdt_a avx512f avx512dq rdseed adx smap clflushopt clwb intel_pt avx512cd avx512bw avx512vl xsaveopt xsavec xgetbv1 xsaves cqm_llc cqm_occup_llc cqm_mbm_total cqm_mbm_local dtherm ida arat pln pts pku ospke avx512_vnni md_clear flush_l1d arch_capabilities
=== SLURM CONFIG ===
JobId=798929 JobName=rust-mpip5u34cr7.sbatch
   UserId=csuxvf(18094) GroupId=csuxvf(18094) MCS_label=N/A
   Priority=759203 Nice=0 Account=dcsug QOS=dcsug
   JobState=RUNNING Reason=None Dependency=(null)
   Requeue=1 Restarts=0 BatchFlag=1 Reboot=0 ExitCode=0:0
   RunTime=00:00:03 TimeLimit=00:10:00 TimeMin=N/A
   SubmitTime=2024-04-12T23:23:56 EligibleTime=2024-04-12T23:25:57
   AccrueTime=2024-04-12T23:25:57
   StartTime=2024-04-12T23:39:57 EndTime=2024-04-12T23:49:57 Deadline=N/A
   SuspendTime=None SecsPreSuspend=0 LastSchedEval=2024-04-12T23:39:57
   Partition=compute AllocNode:Sid=login01:1212000
   ReqNodeList=(null) ExcNodeList=(null)
   NodeList=node[007,016-018]
   BatchHost=node007
   NumNodes=4 NumCPUs=16 NumTasks=8 CPUs/Task=2 ReqB:S:C:T=0:0:*:*
   TRES=cpu=16,mem=160000M,node=4,billing=16
   Socks/Node=* NtasksPerN:B:S:C=2:0:*:* CoreSpec=*
   MinCPUsNode=4 MinMemoryNode=40000M MinTmpDiskNode=0
   Features=(null) DelayBoot=00:00:00
   OverSubscribe=MCS Contiguous=0 Licenses=(null) Network=(null)
   Command=/gpfs/home/dcs/csuxvf/Desktop/hpccg-rs/hpc-multibench/rust-mpip5u34cr7.sbatch
   WorkDir=/gpfs/home/dcs/csuxvf/Desktop/hpccg-rs/hpc-multibench
   StdErr=/gpfs/home/dcs/csuxvf/Desktop/hpccg-rs/hpc-multibench/results/mpi/rust-mpi__798929.out
   StdIn=/dev/null
   StdOut=/gpfs/home/dcs/csuxvf/Desktop/hpccg-rs/hpc-multibench/results/mpi/rust-mpi__798929.out
   Power=
   NtasksPerTRES:0

=== RUN INSTANTIATION ===
{args: 25 25 25, sbatch_config: {nodes: 4, ntasks-per-node: 2}}

===== BUILD =====
run configuration was pre-built

===== RUN =====
Initial Residual = +1.51169e3
Iteration = 15 , Residual = +5.20516e0
Iteration = 30 , Residual = +2.00004e-2
Iteration = 45 , Residual = +5.56111e-5
Iteration = 60 , Residual = +2.10286e-7
Iteration = 75 , Residual = +7.34303e-10
Iteration = 90 , Residual = +2.45472e-12
Iteration = 105 , Residual = +4.15318e-15
Iteration = 120 , Residual = +2.50676e-18
Iteration = 135 , Residual = +1.16719e-21
Iteration = 149 , Residual = +9.47634e-25
Mini-Application Name: hpccg
Mini-Application Version: 1.0
Parallelism:
  Number of MPI ranks: 8
  Rayon disabled
Dimensions:
  nx: 25
  ny: 25
  nz: 25
Number of iterations: 149
Final residual: 9.47634e-25
#********** Performance Summary (times in sec) ***********
Time Summary:
  Total: 0.0721
  DDOT: 0.0115
  WAXPBY: 0.0034
  SPARSEMV: 0.0554
FLOPS Summary:
  Total: 1192000000
  DDOT: 74500000
  WAXPBY: 111750000
  SPARSEMV: 1005750000
MFLOPS Summary:
  Total: 16526.8631
  DDOT: 6487.2867
  WAXPBY: 32857.9829
  SPARSEMV: 18140.9065
DDOT Timing Variations:
  Min DDOT MPI_Allreduce time: 0.0016
  Max DDOT MPI_Allreduce time: 0.0052
  Avg DDOT MPI_Allreduce time: 0.0247
SPARSEMV OVERHEADS:
  SPARSEMV MFLOPS W OVERHEAD: 303.9194
  SPARSEMV PARALLEL OVERHEAD Time: 3.2538
  SPARSEMV PARALLEL OVERHEAD Pct: 98.3247
  SPARSEMV PARALLEL OVERHEAD Setup Time: 1.5823
  SPARSEMV PARALLEL OVERHEAD Setup Pct: 47.8145
  SPARSEMV PARALLEL OVERHEAD Bdry Exch Time: 1.6715
  SPARSEMV PARALLEL OVERHEAD Bdry Exch Pct: 50.5102
Difference between computed and exact = 3.33067e-15.
real 3.50
user 3.75
sys 0.37
