===== CONFIGURATION =====
=== MODULE LOADS ===
=== ENVIRONMENT VARIABLES ===
OMP_NUM_THREADS=32
RAYON_NUM_THREADS=32
=== CPU ARCHITECTURE ===
Architecture:        x86_64
CPU op-mode(s):      32-bit, 64-bit
Byte Order:          Little Endian
CPU(s):              48
On-line CPU(s) list: 0-47
Thread(s) per core:  1
Core(s) per socket:  24
Socket(s):           2
NUMA node(s):        4
Vendor ID:           GenuineIntel
CPU family:          6
Model:               85
Model name:          Intel(R) Xeon(R) Platinum 8268 CPU @ 2.90GHz
Stepping:            7
CPU MHz:             3500.000
BogoMIPS:            5800.00
Virtualization:      VT-x
L1d cache:           32K
L1i cache:           32K
L2 cache:            1024K
L3 cache:            36608K
NUMA node0 CPU(s):   0,4,8,12,16,20,24,28,32,36,40,44
NUMA node1 CPU(s):   1,5,9,13,17,21,25,29,33,37,41,45
NUMA node2 CPU(s):   2,6,10,14,18,22,26,30,34,38,42,46
NUMA node3 CPU(s):   3,7,11,15,19,23,27,31,35,39,43,47
Flags:               fpu vme de pse tsc msr pae mce cx8 apic sep mtrr pge mca cmov pat pse36 clflush dts acpi mmx fxsr sse sse2 ss ht tm pbe syscall nx pdpe1gb rdtscp lm constant_tsc art arch_perfmon pebs bts rep_good nopl xtopology nonstop_tsc cpuid aperfmperf pni pclmulqdq dtes64 monitor ds_cpl vmx smx est tm2 ssse3 sdbg fma cx16 xtpr pdcm pcid dca sse4_1 sse4_2 x2apic movbe popcnt tsc_deadline_timer aes xsave avx f16c rdrand lahf_lm abm 3dnowprefetch cpuid_fault epb cat_l3 cdp_l3 invpcid_single intel_ppin ssbd mba ibrs ibpb stibp ibrs_enhanced fsgsbase tsc_adjust bmi1 hle avx2 smep bmi2 erms invpcid cqm mpx rdt_a avx512f avx512dq rdseed adx smap clflushopt clwb intel_pt avx512cd avx512bw avx512vl xsaveopt xsavec xgetbv1 xsaves cqm_llc cqm_occup_llc cqm_mbm_total cqm_mbm_local dtherm ida arat pln pts pku ospke avx512_vnni md_clear flush_l1d arch_capabilities
=== SLURM CONFIG ===
JobId=799143 JobName=cpp-hybridn7_3vhew.sbatch
   UserId=csuxvf(18094) GroupId=csuxvf(18094) MCS_label=N/A
   Priority=759211 Nice=0 Account=dcsug QOS=dcsug
   JobState=RUNNING Reason=None Dependency=(null)
   Requeue=1 Restarts=0 BatchFlag=1 Reboot=0 ExitCode=0:0
   RunTime=00:00:02 TimeLimit=00:10:00 TimeMin=N/A
   SubmitTime=2024-04-12T23:24:07 EligibleTime=2024-04-12T23:43:25
   AccrueTime=2024-04-12T23:43:25
   StartTime=2024-04-13T00:21:57 EndTime=2024-04-13T00:31:57 Deadline=N/A
   SuspendTime=None SecsPreSuspend=0 LastSchedEval=2024-04-13T00:21:57
   Partition=compute AllocNode:Sid=login01:1212000
   ReqNodeList=(null) ExcNodeList=(null)
   NodeList=node[016-018,022]
   BatchHost=node016
   NumNodes=4 NumCPUs=128 NumTasks=4 CPUs/Task=32 ReqB:S:C:T=0:0:*:*
   TRES=cpu=128,mem=160000M,node=4,billing=128
   Socks/Node=* NtasksPerN:B:S:C=1:0:*:* CoreSpec=*
   MinCPUsNode=32 MinMemoryNode=40000M MinTmpDiskNode=0
   Features=(null) DelayBoot=00:00:00
   OverSubscribe=MCS Contiguous=0 Licenses=(null) Network=(null)
   Command=/gpfs/home/dcs/csuxvf/Desktop/hpccg-rs/hpc-multibench/cpp-hybridn7_3vhew.sbatch
   WorkDir=/gpfs/home/dcs/csuxvf/Desktop/hpccg-rs/hpc-multibench
   StdErr=/gpfs/home/dcs/csuxvf/Desktop/hpccg-rs/hpc-multibench/results/cpp-kokkos-rust-hybrid/cpp-hybrid__799143.out
   StdIn=/dev/null
   StdOut=/gpfs/home/dcs/csuxvf/Desktop/hpccg-rs/hpc-multibench/results/cpp-kokkos-rust-hybrid/cpp-hybrid__799143.out
   Power=
   NtasksPerTRES:0

=== RUN INSTANTIATION ===
{args: 25 25 25, sbatch_config: {nodes: 4, ntasks-per-node: 1, cpus-per-task: 32}, environment_variables: {OMP_NUM_THREADS: 32, RAYON_NUM_THREADS: 32}}

===== BUILD =====
run configuration was pre-built

===== RUN =====
Initial Residual = 1099.95
Iteration = 15   Residual = 4.29262
Iteration = 30   Residual = 0.0168513
Iteration = 45   Residual = 4.59945e-05
Iteration = 60   Residual = 4.39274e-08
Iteration = 75   Residual = 1.90363e-11
Iteration = 90   Residual = 8.07896e-15
Iteration = 105   Residual = 9.46249e-19
Iteration = 120   Residual = 2.46669e-22
Iteration = 135   Residual = 1.52318e-25
Iteration = 149   Residual = 1.78835e-28
Mini-Application Name: hpccg
Mini-Application Version: 1.0
Parallelism: 
  Number of MPI ranks: 4
  Number of OpenMP threads: 32
Dimensions: 
  nx: 25
  ny: 25
  nz: 25
Number of iterations: 149
Final residual: 1.78835e-28
#********** Performance Summary (times in sec) ***********: 
Time Summary: 
  Total   : 0.229814
  DDOT    : 0.0646541
  WAXPBY  : 0.0832835
  SPARSEMV: 0.0786923
FLOPS Summary: 
  Total   : 5.96e+08
  DDOT    : 3.725e+07
  WAXPBY  : 5.5875e+07
  SPARSEMV: 5.02875e+08
MFLOPS Summary: 
  Total   : 2593.4
  DDOT    : 576.143
  WAXPBY  : 670.901
  SPARSEMV: 6390.4
DDOT Timing Variations: 
  Min DDOT MPI_Allreduce time: 0.0016701
  Max DDOT MPI_Allreduce time: 0.00557353
  Avg DDOT MPI_Allreduce time: 0.00327876
SPARSEMV OVERHEADS: 
  SPARSEMV MFLOPS W OVERHEAD: 5459.52
  SPARSEMV PARALLEL OVERHEAD Time: 0.0134175
  SPARSEMV PARALLEL OVERHEAD Pct: 14.5668
  SPARSEMV PARALLEL OVERHEAD Setup Time: 0.0104457
  SPARSEMV PARALLEL OVERHEAD Setup Pct: 11.3405
  SPARSEMV PARALLEL OVERHEAD Bdry Exch Time: 0.00297175
  SPARSEMV PARALLEL OVERHEAD Bdry Exch Pct: 3.22632
real 1.04
user 0.41
sys 0.24
