===== CONFIGURATION =====
=== MODULE LOADS ===
=== ENVIRONMENT VARIABLES ===
OMP_NUM_THREADS=32
RAYON_NUM_THREADS=32
=== CPU ARCHITECTURE ===
Architecture:        x86_64
CPU op-mode(s):      32-bit, 64-bit
Byte Order:          Little Endian
CPU(s):              48
On-line CPU(s) list: 0-47
Thread(s) per core:  1
Core(s) per socket:  24
Socket(s):           2
NUMA node(s):        4
Vendor ID:           GenuineIntel
CPU family:          6
Model:               85
Model name:          Intel(R) Xeon(R) Platinum 8268 CPU @ 2.90GHz
Stepping:            7
CPU MHz:             3499.969
BogoMIPS:            5800.00
Virtualization:      VT-x
L1d cache:           32K
L1i cache:           32K
L2 cache:            1024K
L3 cache:            36608K
NUMA node0 CPU(s):   0,4,8,12,16,20,24,28,32,36,40,44
NUMA node1 CPU(s):   1,5,9,13,17,21,25,29,33,37,41,45
NUMA node2 CPU(s):   2,6,10,14,18,22,26,30,34,38,42,46
NUMA node3 CPU(s):   3,7,11,15,19,23,27,31,35,39,43,47
Flags:               fpu vme de pse tsc msr pae mce cx8 apic sep mtrr pge mca cmov pat pse36 clflush dts acpi mmx fxsr sse sse2 ss ht tm pbe syscall nx pdpe1gb rdtscp lm constant_tsc art arch_perfmon pebs bts rep_good nopl xtopology nonstop_tsc cpuid aperfmperf pni pclmulqdq dtes64 monitor ds_cpl vmx smx est tm2 ssse3 sdbg fma cx16 xtpr pdcm pcid dca sse4_1 sse4_2 x2apic movbe popcnt tsc_deadline_timer aes xsave avx f16c rdrand lahf_lm abm 3dnowprefetch cpuid_fault epb cat_l3 cdp_l3 invpcid_single intel_ppin ssbd mba ibrs ibpb stibp ibrs_enhanced fsgsbase tsc_adjust bmi1 hle avx2 smep bmi2 erms invpcid cqm mpx rdt_a avx512f avx512dq rdseed adx smap clflushopt clwb intel_pt avx512cd avx512bw avx512vl xsaveopt xsavec xgetbv1 xsaves cqm_llc cqm_occup_llc cqm_mbm_total cqm_mbm_local dtherm ida arat pln pts pku ospke avx512_vnni md_clear flush_l1d arch_capabilities
=== SLURM CONFIG ===
JobId=799776 JobName=rust-hybrido36n3w16.sbatch
   UserId=csuxvf(18094) GroupId=csuxvf(18094) MCS_label=N/A
   Priority=759213 Nice=0 Account=dcsug QOS=dcsug
   JobState=RUNNING Reason=None Dependency=(null)
   Requeue=1 Restarts=0 BatchFlag=1 Reboot=0 ExitCode=0:0
   RunTime=00:00:03 TimeLimit=00:10:00 TimeMin=N/A
   SubmitTime=2024-04-13T21:15:10 EligibleTime=2024-04-13T21:15:59
   AccrueTime=2024-04-13T21:15:59
   StartTime=2024-04-13T22:18:29 EndTime=2024-04-13T22:28:29 Deadline=N/A
   SuspendTime=None SecsPreSuspend=0 LastSchedEval=2024-04-13T22:18:29
   Partition=compute AllocNode:Sid=login01:3766725
   ReqNodeList=(null) ExcNodeList=(null)
   NodeList=node[002,004-006]
   BatchHost=node002
   NumNodes=4 NumCPUs=128 NumTasks=4 CPUs/Task=32 ReqB:S:C:T=0:0:*:*
   TRES=cpu=128,mem=160000M,node=4,billing=128
   Socks/Node=* NtasksPerN:B:S:C=1:0:*:* CoreSpec=*
   MinCPUsNode=32 MinMemoryNode=40000M MinTmpDiskNode=0
   Features=(null) DelayBoot=00:00:00
   OverSubscribe=MCS Contiguous=0 Licenses=(null) Network=(null)
   Command=/gpfs/home/dcs/csuxvf/Desktop/hpccg-rs/hpc-multibench/rust-hybrido36n3w16.sbatch
   WorkDir=/gpfs/home/dcs/csuxvf/Desktop/hpccg-rs/hpc-multibench
   StdErr=/gpfs/home/dcs/csuxvf/Desktop/hpccg-rs/hpc-multibench/results/hybrid/rust-hybrid__799776.out
   StdIn=/dev/null
   StdOut=/gpfs/home/dcs/csuxvf/Desktop/hpccg-rs/hpc-multibench/results/hybrid/rust-hybrid__799776.out
   Power=
   NtasksPerTRES:0

=== RUN INSTANTIATION ===
{args: 250 250 250, sbatch_config: {nodes: 4, ntasks-per-node: 1, cpus-per-task: 32}, environment_variables: {OMP_NUM_THREADS: 32, RAYON_NUM_THREADS: 32}}

===== BUILD =====
run configuration was pre-built

===== RUN =====
thread 'main' panicked at src/hpccg/make_local_matrix.rs:107:25:
Must increase `MAX_EXTERNAL` from 100000
note: run with `RUST_BACKTRACE=1` environment variable to display a backtrace
[node004:2403733] *** Process received signal ***
[node004:2403733] Signal: Aborted (6)
[node004:2403733] Signal code:  (-6)
[node004:2403733] [ 0] /lib64/libpthread.so.0(+0x12b20)[0x14d064b03b20]
[node004:2403733] [ 1] /lib64/libc.so.6(gsignal+0x10f)[0x14d06455f37f]
[node004:2403733] [ 2] /lib64/libc.so.6(abort+0x127)[0x14d064549db5]
[node004:2403733] [ 3] ./target/release/hpccg-rs(+0x2ba67)[0x559e6b884a67]
[node004:2403733] [ 4] ./target/release/hpccg-rs(+0x2ba56)[0x559e6b884a56]
[node004:2403733] [ 5] ./target/release/hpccg-rs(+0x67cf6)[0x559e6b8c0cf6]
[node004:2403733] [ 6] ./target/release/hpccg-rs(+0x6a963)[0x559e6b8c3963]
[node004:2403733] [ 7] ./target/release/hpccg-rs(+0x6a68c)[0x559e6b8c368c]
[node004:2403733] [ 8] ./target/release/hpccg-rs(+0x6a5e6)[0x559e6b8c35e6]
[node004:2403733] [ 9] ./target/release/hpccg-rs(+0x6a5d1)[0x559e6b8c35d1]
[node004:2403733] [10] ./target/release/hpccg-rs(+0x8d24)[0x559e6b861d24]
[node004:2403733] [11] ./target/release/hpccg-rs(+0x17015)[0x559e6b870015]
[node004:2403733] [12] ./target/release/hpccg-rs(+0x189aa)[0x559e6b8719aa]
[node004:2403733] [13] ./target/release/hpccg-rs(+0xf143)[0x559e6b868143]
[node004:2403733] [14] ./target/release/hpccg-rs(+0xf179)[0x559e6b868179]
[node004:2403733] [15] ./target/release/hpccg-rs(+0x38218)[0x559e6b891218]
[node004:2403733] [16] ./target/release/hpccg-rs(+0xf164)[0x559e6b868164]
[node004:2403733] [17] /lib64/libc.so.6(__libc_start_main+0xf3)[0x14d06454b493]
[node004:2403733] [18] ./target/release/hpccg-rs(+0xd66e)[0x559e6b86666e]
[node004:2403733] *** End of error message ***
thread 'main' panicked at src/hpccg/make_local_matrix.rs:107:25:
Must increase `MAX_EXTERNAL` from 100000
note: run with `RUST_BACKTRACE=1` environment variable to display a backtrace
[node005:2156612] *** Process received signal ***
[node005:2156612] Signal: Aborted (6)
[node005:2156612] Signal code:  (-6)
[node005:2156612] [ 0] /lib64/libpthread.so.0(+0x12b20)[0x14fbf70bcb20]
[node005:2156612] [ 1] /lib64/libc.so.6(gsignal+0x10f)[0x14fbf6b1837f]
[node005:2156612] [ 2] /lib64/libc.so.6(abort+0x127)[0x14fbf6b02db5]
[node005:2156612] [ 3] ./target/release/hpccg-rs(+0x2ba67)[0x55e0f8711a67]
[node005:2156612] [ 4] ./target/release/hpccg-rs(+0x2ba56)[0x55e0f8711a56]
[node005:2156612] [ 5] ./target/release/hpccg-rs(+0x67cf6)[0x55e0f874dcf6]
[node005:2156612] [ 6] ./target/release/hpccg-rs(+0x6a963)[0x55e0f8750963]
[node005:2156612] [ 7] ./target/release/hpccg-rs(+0x6a68c)[0x55e0f875068c]
[node005:2156612] [ 8] ./target/release/hpccg-rs(+0x6a5e6)[0x55e0f87505e6]
[node005:2156612] [ 9] ./target/release/hpccg-rs(+0x6a5d1)[0x55e0f87505d1]
[node005:2156612] [10] ./target/release/hpccg-rs(+0x8d24)[0x55e0f86eed24]
[node005:2156612] [11] ./target/release/hpccg-rs(+0x17015)[0x55e0f86fd015]
[node005:2156612] [12] ./target/release/hpccg-rs(+0x189aa)[0x55e0f86fe9aa]
[node005:2156612] [13] ./target/release/hpccg-rs(+0xf143)[0x55e0f86f5143]
[node005:2156612] [14] ./target/release/hpccg-rs(+0xf179)[0x55e0f86f5179]
[node005:2156612] [15] ./target/release/hpccg-rs(+0x38218)[0x55e0f871e218]
[node005:2156612] [16] ./target/release/hpccg-rs(+0xf164)[0x55e0f86f5164]
[node005:2156612] [17] /lib64/libc.so.6(__libc_start_main+0xf3)[0x14fbf6b04493]
[node005:2156612] [18] ./target/release/hpccg-rs(+0xd66e)[0x55e0f86f366e]
[node005:2156612] *** End of error message ***
--------------------------------------------------------------------------
Primary job  terminated normally, but 1 process returned
a non-zero exit code. Per user-direction, the job has been aborted.
--------------------------------------------------------------------------
--------------------------------------------------------------------------
mpirun noticed that process rank 2 with PID 2156612 on node node005 exited on signal 6 (Aborted).
--------------------------------------------------------------------------
2 total processes killed (some possibly by mpirun during cleanup)
real 6.75
user 3.27
sys 1.18
